Supersede: prior WebService PID 54352 not running. Proceeding.
WARNING: Jellyfin auto-sync error: WorkerContext.Current called on unbound thread. Call WorkerContext.Bind() at thread entry.
Service status tracking started
Status polling started
AudioVerticalHealthService started
FileReplacementSelfHealService started
WebService service status changed from Stopped to Starting
Handling WebService status change to: Starting
Starting WebService via waitress (production WSGI, 32 threads)...
WARNING: Force adding Forensic Files - S01E08 - The Wilson Murder WEBRip-480p.26.mp4 to queue (admission gate overridden)
WARNING: Force adding Forensic Files - S13E13 - Sands of Crime Bluray-480p-mv.mp4 to queue (admission gate overridden)
WARNING: Refusing to admit queue row -- source already MediaVortex-transcoded (Forensic Files/Season 13/Forensic Files - S13E13 - Sands of Crime Bluray-480p-mv.mp4)
WARNING: Force adding Forensic Files - S13E31 - Hair Line SDTV.avi to queue (admission gate overridden)
WARNING: Force adding Forensic Files - S13E42 - Shoe-in for Murder Bluray-480p-mv.mp4 to queue (admission gate overridden)
WARNING: Refusing to admit queue row -- source already MediaVortex-transcoded (Forensic Files/Season 13/Forensic Files - S13E42 - Shoe-in for Murder Bluray-480p-mv.mp4)
WARNING: Force adding Forensic Files - S13E29 - Room with a View SDTV.mp4 to queue (admission gate overridden)
WARNING: Force adding Forensic Files - S13E08 - Constructive Criticism SDTV.avi to queue (admission gate overridden)
WARNING: Force adding Forensic Files - S13E02 - House Hunting SDTV.mp4 to queue (admission gate overridden)
WARNING: Force adding Forensic Files - S13E14 - Calculated Coincidence SDTV.avi to queue (admission gate overridden)
WARNING: Force adding Forensic Files - S14E07 - Freeze Framed SDTV.avi to queue (admission gate overridden)
WARNING: Force adding Forensic Files - S14E21 - Expert Witness SDTV.mp4 to queue (admission gate overridden)
WARNING: Force adding Forensic Files - S14E19 - Skeleton Key SDTV.mp4 to queue (admission gate overridden)
WARNING: Force adding Forensic Files - S14E14 - Fate Date SDTV.mp4 to queue (admission gate overridden)
WARNING: Force adding Forensic Files - S06E11 - Photo Finish SDTV-mv.mp4 to queue (admission gate overridden)
WARNING: Refusing to admit queue row -- source already MediaVortex-transcoded (Forensic Files/Season 6/Forensic Files - S06E11 - Photo Finish SDTV-mv.mp4)
WARNING: Force adding Forensic Files - S06E10 - Church Disappearance SDTV.mp4 to queue (admission gate overridden)
WARNING: Force adding Forensic Files - S06E06 - Fire Dot Com SDTV.avi to queue (admission gate overridden)
WARNING: Force adding Forensic Files - S06E07 - Mistaken for Dead SDTV.avi to queue (admission gate overridden)
WARNING: Force adding Forensic Files - S10E36 - Murder on the Menu SDTV.mp4 to queue (admission gate overridden)
WARNING: Force adding Forensic Files - S10E10 - Tagging a Suspect SDTV.avi to queue (admission gate overridden)
WARNING: Force adding Forensic Files - S10E33 - Penchant for Poison SDTV.avi to queue (admission gate overridden)
WARNING: Force adding Forensic Files - S10E21 - Writers Block SDTV.avi to queue (admission gate overridden)
WARNING: Force adding Forensic Files - S10E16 - Deadly Valentine SDTV.avi to queue (admission gate overridden)
WARNING: Force adding Forensic Files - S10E08 - Army of Evidence SDTV.avi to queue (admission gate overridden)
WARNING: Force adding Forensic Files - S10E23 - Prints Among Thieves SDTV.avi to queue (admission gate overridden)
WARNING: Force adding Forensic Files - S10E26 - Cop Out SDTV.avi to queue (admission gate overridden)
WARNING: Force adding Forensic Files - S10E20 - Four on the Floor SDTV.avi to queue (admission gate overridden)
WARNING: Force adding Forensic Files - S10E03 - Plastic Puzzle SDTV.avi to queue (admission gate overridden)
WARNING: Force adding Forensic Files - S10E30 - Material Witness SDTV.mp4 to queue (admission gate overridden)
WARNING: Force adding Forensic Files - S10E24 - Unholy Alliance SDTV.avi to queue (admission gate overridden)
WARNING: Force adding Forensic Files - S10E06 - Headquarters SDTV.avi to queue (admission gate overridden)
WARNING: Force adding Forensic Files - S02E04 - Sex, Lies & DNA SDTV.avi to queue (admission gate overridden)
WARNING: Force adding Forensic Files - S02E10 - Sealed with a Kiss SDTV.avi to queue (admission gate overridden)
WARNING: Force adding Forensic Files - S02E09 - Something's Fishy SDTV.avi to queue (admission gate overridden)
WARNING: Force adding Forensic Files - S08E02 - The Music Case SDTV.mp4 to queue (admission gate overridden)
WARNING: Force adding Forensic Files - S08E42 - Flashover SDTV.mp4 to queue (admission gate overridden)
WARNING: Force adding Forensic Files - S08E21 - The Big Chill SDTV.avi to queue (admission gate overridden)
WARNING: Force adding Forensic Files - S08E09 - Shot of Vengeance SDTV.avi to queue (admission gate overridden)
WARNING: Force adding Forensic Files - S08E35 - Grounds for Indictment SDTV.mp4 to queue (admission gate overridden)
WARNING: Force adding Forensic Files - S08E04 - Sign Here SDTV.mp4 to queue (admission gate overridden)
WARNING: Force adding Forensic Files - S08E17 - Brotherhoods SDTV.mp4 to queue (admission gate overridden)
WARNING: Force adding Forensic Files - S08E13 - When the Dust Settled SDTV.avi to queue (admission gate overridden)
WARNING: Force adding Forensic Files - S08E23 - Sphere of Influence SDTV.avi to queue (admission gate overridden)
WARNING: Force adding Forensic Files - S08E07 - Once Bitten SDTV.avi to queue (admission gate overridden)
WARNING: Force adding Forensic Files - S08E27 - True Lies SDTV.avi to queue (admission gate overridden)
WARNING: Force adding Forensic Files - S08E03 - Paintball SDTV.avi to queue (admission gate overridden)
WARNING: Force adding Forensic Files - S08E05 - Shadow of a Doubt SDTV.mp4 to queue (admission gate overridden)
WARNING: Force adding Forensic Files - S08E31 - Past Lives SDTV.avi to queue (admission gate overridden)
WARNING: Force adding Forensic Files - S08E34 - Web of Seduction SDTV.avi to queue (admission gate overridden)
WARNING: Force adding Forensic Files - S05E14 - Broken Promises SDTV.avi to queue (admission gate overridden)
WARNING: Force adding Forensic Files - S05E17 - Journey to Justice SDTV.avi to queue (admission gate overridden)
WARNING: Force adding Forensic Files - S05E09 - Kill'igraphy SDTV.avi to queue (admission gate overridden)
WARNING: Force adding Forensic Files - S05E08 - Material Evidence SDTV.avi to queue (admission gate overridden)
WARNING: Force adding Forensic Files - S05E15 - Time Will Tell SDTV.avi to queue (admission gate overridden)
WARNING: Force adding Forensic Files - S07E39 - Marathon Man SDTV-mv.mp4 to queue (admission gate overridden)
WARNING: Refusing to admit queue row -- source already MediaVortex-transcoded (Forensic Files/Season 7/Forensic Files - S07E39 - Marathon Man SDTV-mv.mp4)
WARNING: Force adding Forensic Files - S07E14 - A Leg to Stand On SDTV.mp4 to queue (admission gate overridden)
WARNING: Force adding Forensic Files - S07E04 - Who's Your Daddy SDTV-mv.mp4 to queue (admission gate overridden)
WARNING: Refusing to admit queue row -- source already MediaVortex-transcoded (Forensic Files/Season 7/Forensic Files - S07E04 - Who's Your Daddy SDTV-mv.mp4)
WARNING: Force adding Forensic Files - S07E38 - House Call SDTV.mp4 to queue (admission gate overridden)
WARNING: Force adding Forensic Files - S07E34 - Fire Proof SDTV.avi to queue (admission gate overridden)
WARNING: Force adding Forensic Files - S07E19 - Sip of Sins SDTV.avi to queue (admission gate overridden)
WARNING: Force adding Forensic Files - S07E33 - Scratching the Surface SDTV.mkv to queue (admission gate overridden)
WARNING: Force adding Forensic Files - S07E16 - Within a Hair SDTV.avi to queue (admission gate overridden)
WARNING: Force adding Forensic Files - S07E08 - Bio-Attack SDTV.avi to queue (admission gate overridden)
WARNING: Force adding Forensic Files - S07E01 - The Cheater SDTV.mp4 to queue (admission gate overridden)
WARNING: Force adding Forensic Files - S07E22 - Frozen in Time SDTV.mp4 to queue (admission gate overridden)
WARNING: Force adding Forensic Files - S07E20 - Telltale Tracks SDTV.avi to queue (admission gate overridden)
WARNING: Force adding Forensic Files - S07E29 - A Bag of Evidence SDTV.avi to queue (admission gate overridden)
WARNING: Force adding Forensic Files - S07E35 - X Marks the Spot SDTV.mp4 to queue (admission gate overridden)
WARNING: Force adding Forensic Files - S07E15 - Partners in Crime SDTV.mp4 to queue (admission gate overridden)
WARNING: Force adding Forensic Files - S12E15 - Good as Gold SDTV.avi to queue (admission gate overridden)
WARNING: Force adding Forensic Files - S12E05 - Quite a Spectacle SDTV.avi to queue (admission gate overridden)
WARNING: Force adding Forensic Files - S12E09 - Insignificant Others SDTV.avi to queue (admission gate overridden)
WARNING: Force adding Forensic Files - S12E26 - About Face SDTV.avi to queue (admission gate overridden)
WARNING: Force adding Forensic Files - S12E16 - Freedom Fighter SDTV.avi to queue (admission gate overridden)
WARNING: Force adding Forensic Files - S12E19 - All Butt Certain SDTV.avi to queue (admission gate overridden)
WARNING: Force adding Forensic Files - S12E25 - Printed Proof SDTV.avi to queue (admission gate overridden)
WARNING: Force adding Forensic Files - S12E23 - Disrobed SDTV.avi to queue (admission gate overridden)
WARNING: Force adding Forensic Files - S04E09 - Accident or Murder SDTV.avi to queue (admission gate overridden)
WARNING: Force adding Forensic Files - S04E05 - Innocence Lost SDTV.avi to queue (admission gate overridden)
WARNING: Force adding Forensic Files - S04E13 - Slippery Motives SDTV.avi to queue (admission gate overridden)
WARNING: Force adding Forensic Files - S04E12 - With Every Breath SDTV.avi to queue (admission gate overridden)
WARNING: Force adding Forensic Files - S04E04 - Cement the Case SDTV.avi to queue (admission gate overridden)
WARNING: Force adding Forensic Files - S04E03 - Ultimate Betrayal SDTV.avi to queue (admission gate overridden)
WARNING: Force adding Forensic Files - S11E08 - Concrete Alibi SDTV.avi to queue (admission gate overridden)
WARNING: Force adding Forensic Files - S11E18 - A Case of the Flue SDTV.mp4 to queue (admission gate overridden)
WARNING: Force adding Forensic Files - S11E06 - Dockter Visit SDTV.avi to queue (admission gate overridden)
WARNING: Force adding Forensic Files - S11E19 - No Safe Place SDTV.avi to queue (admission gate overridden)
WARNING: Force adding Forensic Files - S11E12 - Capitol Crimes SDTV.avi to queue (admission gate overridden)
WARNING: Force adding Forensic Files - S11E35 - Fresh Heir SDTV.mp4 to queue (admission gate overridden)
WARNING: Force adding Forensic Files - S11E11 - Weakest Link SDTV.avi to queue (admission gate overridden)
WARNING: Force adding Forensic Files - S11E33 - Skirting the Evidence SDTV.mp4 to queue (admission gate overridden)
WARNING: Force adding Forensic Files - S11E09 - Key Evidence SDTV.avi to queue (admission gate overridden)
WARNING: Force adding Forensic Files - S11E28 - If I Were You SDTV.mp4 to queue (admission gate overridden)
WARNING: Force adding Forensic Files - S11E03 - Just Desserts SDTV.avi to queue (admission gate overridden)
WARNING: Force adding Forensic Files - S11E30 - A Tight Leash SDTV.mp4 to queue (admission gate overridden)
WARNING: Force adding Forensic Files - S11E40 - Two in a Million SDTV.mp4 to queue (admission gate overridden)
WARNING: Force adding Forensic Files - S11E01 - Naughty or Nyce SDTV.avi to queue (admission gate overridden)
WARNING: Force adding Forensic Files - S09E24 - Northern Exposure SDTV.avi to queue (admission gate overridden)
WARNING: Force adding Forensic Files - S09E23 - Saving Face SDTV.mp4 to queue (admission gate overridden)
WARNING: Force adding Forensic Files - S09E16 - Cries Unheard SDTV.avi to queue (admission gate overridden)
WARNING: Force adding Forensic Files - S09E03 - In Harm's Way SDTV.avi to queue (admission gate overridden)
WARNING: Force adding Forensic Files - S09E04 - No Corpus Delicti SDTV.avi to queue (admission gate overridden)
WARNING: Force adding Forensic Files - S09E07 - Cloak of Deceit SDTV.avi to queue (admission gate overridden)
WARNING: Force adding Forensic Files - S09E27 - For Love or Money SDTV.avi to queue (admission gate overridden)
WARNING: Force adding Forensic Files - S09E26 - Fishing for the Truth SDTV.avi to queue (admission gate overridden)
WARNING: Force adding Forensic Files - S09E17 - Buried Treasure SDTV.avi to queue (admission gate overridden)
WARNING: Force adding Forensic Files - S09E19 - Deadly Matrimony SDTV.avi to queue (admission gate overridden)
WARNING: Force adding Forensic Files - S09E06 - Burning Desire SDTV.avi to queue (admission gate overridden)
WARNING: Force adding Forensic Files - S03E04 - Foreign Body SDTV.mp4 to queue (admission gate overridden)
WARNING: Force adding Forensic Files - S03E08 - Deadly Formula WEBDL-480p-mv.mp4 to queue (admission gate overridden)
WARNING: Refusing to admit queue row -- source already MediaVortex-transcoded (Forensic Files/Season 3/Forensic Files - S03E08 - Deadly Formula WEBDL-480p-mv.mp4)
WARNING: Force adding Forensic Files - S03E07 - Grave Evidence SDTV.avi to queue (admission gate overridden)
WARNING: Force adding Forensic Files - S03E06 - 'Sim'ilar Circumstances SDTV.avi to queue (admission gate overridden)
WARNING: Force adding Forensic Files - S03E02 - Without a Trace SDTV.avi to queue (admission gate overridden)
WARNING: Force adding Forensic Files - S03E01 - Knot for Everyone SDTV.avi to queue (admission gate overridden)
WARNING: Force adding Forensic Files - S03E05 - Deadly Delivery SDTV.mp4 to queue (admission gate overridden)
WARNING: Force adding Forensic Files - S12E29 - Guarded Secrets SDTV.avi to queue (admission gate overridden)
WARNING: Force adding Forensic Files - S11E37 - Step by Step SDTV.mp4 to queue (admission gate overridden)
WARNING: Force adding Forensic Files - S07E25 - Dressed to Kill SDTV.mp4 to queue (admission gate overridden)
WARNING: Force adding Forensic Files - S09E14 - Over a Barrel SDTV.avi to queue (admission gate overridden)
WARNING: Force adding Forensic Files - S02E12 - Micro-Clues SDTV.mp4 to queue (admission gate overridden)
WARNING: Force adding Forensic Files - S14E03 - Hell's Kitchen SDTV.avi to queue (admission gate overridden)
WARNING: Force adding Forensic Files - S03E13 - Out of the Ashes SDTV.avi to queue (admission gate overridden)
WARNING: Force adding Forensic Files - S10E19 - Gold Rush SDTV.mp4 to queue (admission gate overridden)
WARNING: Force adding Forensic Files - S13E37 - Hundreds of Reasons SDTV.avi to queue (admission gate overridden)
WARNING: Force adding Forensic Files - S10E07 - One for the Road SDTV.avi to queue (admission gate overridden)
WARNING: Force adding Forensic Files - S08E14 - A Welcome Intrusion SDTV.avi to queue (admission gate overridden)
WARNING: Force adding Forensic Files - S07E03 - Reel Danger SDTV.avi to queue (admission gate overridden)
WARNING: Force adding Forensic Files - S12E30 - Smoking Out a Killer SDTV.avi to queue (admission gate overridden)
WARNING: Force adding Forensic Files - S02E03 - Killer Fog SDTV.avi to queue (admission gate overridden)
WARNING: Force adding Forensic Files - S13E22 - Dirty Laundry SDTV.avi to queue (admission gate overridden)
WARNING: Force adding Forensic Files - S13E28 - Needle in a Haystack SDTV.mp4 to queue (admission gate overridden)
WARNING: Force adding Forensic Files - S07E32 - Sleight of Hand SDTV.mp4 to queue (admission gate overridden)
WARNING: Force adding Forensic Files - S13E05 - Double Cross SDTV.avi to queue (admission gate overridden)
WARNING: Force adding Forensic Files - S01E12 - The List Murders SDTV.mp4 to queue (admission gate overridden)
WARNING: Force adding Forensic Files - S13E27 - Holy Terror SDTV.avi to queue (admission gate overridden)
WARNING: Force adding Forensic Files - S06E01 - Missing in Time SDTV.mp4 to queue (admission gate overridden)
WARNING: Force adding Forensic Files - S06E29 - Treading Not So Lightly SDTV.avi to queue (admission gate overridden)
WARNING: Force adding Forensic Files - S06E19 - Pure Evil SDTV.avi to queue (admission gate overridden)
WARNING: Force adding Forensic Files - S10E31 - Garden of Evil SDTV.avi to queue (admission gate overridden)
WARNING: Force adding Forensic Files - S02E08 - Charred Remains SDTV.avi to queue (admission gate overridden)
WARNING: Force adding Forensic Files - S08E18 - Hair of the Dog SDTV.avi to queue (admission gate overridden)
WARNING: Force adding Forensic Files - S08E37 - Traces of Truth SDTV.avi to queue (admission gate overridden)
WARNING: Force adding Forensic Files - S05E13 - Unholy Vows SDTV.mp4 to queue (admission gate overridden)
WARNING: Force adding Forensic Files - S07E21 - Ghost in the Machine SDTV.avi to queue (admission gate overridden)
WARNING: Force adding Forensic Files - S07E02 - Forever Hold Your Peace SDTV.avi to queue (admission gate overridden)
WARNING: Force adding Forensic Files - S07E18 - A Bitter Pill to Swallow SDTV.avi to queue (admission gate overridden)
WARNING: Force adding Forensic Files - S07E17 - Chief Evidence SDTV.avi to queue (admission gate overridden)
WARNING: Force adding Forensic Files - S07E26 - Palm Print Conviction SDTV-mv.mp4 to queue (admission gate overridden)
WARNING: Refusing to admit queue row -- source already MediaVortex-transcoded (Forensic Files/Season 7/Forensic Files - S07E26 - Palm Print Conviction SDTV-mv.mp4)
WARNING: Force adding Forensic Files - S12E13 - Pressed for Crime SDTV.avi to queue (admission gate overridden)
WARNING: Force adding Forensic Files - S04E10 - Core Evidence SDTV.avi to queue (admission gate overridden)
WARNING: Force adding Forensic Files - S04E02 - The Killing Room SDTV.avi to queue (admission gate overridden)
WARNING: Force adding Forensic Files - S11E02 - Going for Broke SDTV.avi to queue (admission gate overridden)
WARNING: Force adding Forensic Files - S11E22 - A Novel Idea SDTV.mkv to queue (admission gate overridden)
WARNING: Force adding Forensic Files - S12E06 - Transaction Failed SDTV.avi to queue (admission gate overridden)
WARNING: Force adding Forensic Files - S01E13 - Raw Terror SDTV.avi to queue (admission gate overridden)
WARNING: Force adding Forensic Files - S06E13 - Horse Play SDTV.avi to queue (admission gate overridden)
WARNING: Force adding Forensic Files - S10E32 - Sunday School Ambush SDTV.avi to queue (admission gate overridden)
WARNING: Force adding Forensic Files - S08E36 - Dueling Confessions SDTV.avi to queue (admission gate overridden)
WARNING: Force adding Forensic Files - S08E38 - Honor Thy Father SDTV.avi to queue (admission gate overridden)
WARNING: Force adding Forensic Files - S08E01 - Dessert Served Cold SDTV.avi to queue (admission gate overridden)
WARNING: Force adding Forensic Files - S05E05 - Burning Ambition SDTV.avi to queue (admission gate overridden)
WARNING: Force adding Forensic Files - S07E42 - Last Will SDTV.avi to queue (admission gate overridden)
WARNING: Force adding Forensic Files - S09E21 - Point of Origin SDTV.avi to queue (admission gate overridden)
WARNING: Force adding Forensic Files - S11E41 - Bitter Brew SDTV.avi to queue (admission gate overridden)
WARNING: Force adding Forensic Files - S11E21 - Van-ished SDTV.avi to queue (admission gate overridden)
WARNING: Force adding Forensic Files - S09E30 - Walking Terror SDTV.mp4 to queue (admission gate overridden)
WARNING: Force adding Forensic Files - S13E35 - Covet Thy Neighbor SDTV.avi to queue (admission gate overridden)
WARNING: Force adding Forensic Files - S13E23 - Drowning Sorrows SDTV.avi to queue (admission gate overridden)
WARNING: Force adding Forensic Files - S06E02 - Missing Pearl SDTV.avi to queue (admission gate overridden)
WARNING: Force adding Forensic Files - S10E13 - Crash Course SDTV.avi to queue (admission gate overridden)
WARNING: Force adding Forensic Files - S10E27 - Summer Obsession SDTV.avi to queue (admission gate overridden)
WARNING: Force adding Forensic Files - S02E01 - The Common Thread SDTV.avi to queue (admission gate overridden)
WARNING: Force adding Forensic Files - S05E02 - Dew Process SDTV.avi to queue (admission gate overridden)
WARNING: Force adding Forensic Files - S03E11 - Speck of Evidence SDTV.avi to queue (admission gate overridden)
WARNING: Force adding Forensic Files - S08E40 - Deadly Curve SDTV.mp4 to queue (admission gate overridden)
WARNING: Force adding Forensic Files - S11E17 - Internal Affair SDTV.avi to queue (admission gate overridden)
WARNING: Force adding Forensic Files - S09E25 - Silk Stalkings SDTV.avi to queue (admission gate overridden)
WARNING: Force adding Forensic Files - S10E35 - Sole Searching SDTV.avi to queue (admission gate overridden)
WARNING: Force adding Forensic Files - S07E10 - Without a Prayer SDTV-mv.mp4 to queue (admission gate overridden)
WARNING: Refusing to admit queue row -- source already MediaVortex-transcoded (Forensic Files/Season 7/Forensic Files - S07E10 - Without a Prayer SDTV-mv.mp4)
WARNING: Force adding Forensic Files - S07E23 - Cold Storage SDTV.mp4 to queue (admission gate overridden)
WARNING: Force adding Forensic Files - S07E11 - A Clutch of Witnesses SDTV.mp4 to queue (admission gate overridden)
WARNING: Force adding Forensic Files - S07E12 - Scout's Honor SDTV.avi to queue (admission gate overridden)
WARNING: Force adding Forensic Files - S07E36 - All Charged Up SDTV.mp4 to queue (admission gate overridden)
WARNING: Force adding Forensic Files - S11E31 - Muffled Cries SDTV.mp4 to queue (admission gate overridden)
WARNING: Force adding Forensic Files - S13E39 - Separation Anxiety SDTV.mp4 to queue (admission gate overridden)
WARNING: Force adding Forensic Files - S14E08 - Touch of Evil SDTV.avi to queue (admission gate overridden)
WARNING: Force adding Forensic Files - S02E13 - Deadly Parasites SDTV.avi to queue (admission gate overridden)
WARNING: Force adding Forensic Files - S09E11 - Making the Collar SDTV.avi to queue (admission gate overridden)
WARNING: Force adding Forensic Files - S06E15 - Killer's 'Cattle' Log SDTV.avi to queue (admission gate overridden)
WARNING: Force adding Forensic Files - S02E11 - Postal Mortem SDTV.mp4 to queue (admission gate overridden)
WARNING: Force adding Forensic Files - S08E12 - Order Up SDTV.avi to queue (admission gate overridden)
WARNING: Force adding Forensic Files - S05E04 - A Voice from Beyond SDTV.avi to queue (admission gate overridden)
WARNING: Force adding Forensic Files - S12E03 - Cold Hearted SDTV.avi to queue (admission gate overridden)
WARNING: Force adding Forensic Files - S01E11 - Outbreak SDTV.avi to queue (admission gate overridden)
WARNING: Force adding Forensic Files - S13E32 - All That Glitters is Gold SDTV.avi to queue (admission gate overridden)
WARNING: Force adding Forensic Files - S13E07 - Last Dance SDTV.mp4 to queue (admission gate overridden)
WARNING: Force adding Forensic Files - S13E18 - Church Dis-service Bluray-480p.mkv to queue (admission gate overridden)
WARNING: Force adding Forensic Files - S14E20 - Funeral Services SDTV.mp4 to queue (admission gate overridden)
WARNING: Force adding Forensic Files - S14E18 - Auto-Motive SDTV.mp4 to queue (admission gate overridden)
WARNING: Force adding Forensic Files - S06E22 - Punch Line SDTV.avi to queue (admission gate overridden)
WARNING: Force adding Forensic Files - S06E24 - Pastoral Care SDTV.avi to queue (admission gate overridden)
WARNING: Force adding Forensic Files - S10E14 - A Leg Up on Crime SDTV.avi to queue (admission gate overridden)
WARNING: Force adding Forensic Files - S10E15 - Tight-Fitting Genes SDTV.avi to queue (admission gate overridden)
WARNING: Force adding Forensic Files - S10E28 - Elemental Clue SDTV.avi to queue (admission gate overridden)
WARNING: Force adding Forensic Files - S10E37 - Hot on the Trail SDTV.avi to queue (admission gate overridden)
WARNING: Force adding Forensic Files - S10E02 - Marked for Life SDTV.avi to queue (admission gate overridden)
WARNING: Force adding Forensic Files - S10E38 - High 'n' Dry SDTV.mp4 to queue (admission gate overridden)
WARNING: Force adding Forensic Files - S10E34 - Bump in the Night SDTV.mp4 to queue (admission gate overridden)
WARNING: Force adding Forensic Files - S02E05 - Bitter Potion SDTV.avi to queue (admission gate overridden)
WARNING: Force adding Forensic Files - S08E25 - Sign of the Zodiac SDTV.avi to queue (admission gate overridden)
WARNING: Force adding Forensic Files - S08E15 - Within Arm's Reach SDTV.mkv to queue (admission gate overridden)
WARNING: Force adding Forensic Files - S08E32 - Over and Out SDTV.mp4 to queue (admission gate overridden)
WARNING: Force adding Forensic Files - S08E11 - A Wrong Foot SDTV.avi to queue (admission gate overridden)
WARNING: Force adding Forensic Files - S08E30 - Flower Power SDTV.avi to queue (admission gate overridden)
WARNING: Force adding Forensic Files - S05E16 - Second Shot at Love SDTV.avi to queue (admission gate overridden)
WARNING: Force adding Forensic Files - S07E33 - Scratching the Surface SDTV-mv.mp4 to queue (admission gate overridden)
WARNING: Refusing to admit queue row -- source already MediaVortex-transcoded (Forensic Files/Season 7/Forensic Files - S07E33 - Scratching the Surface SDTV-mv.mp4)
WARNING: Force adding Forensic Files - S12E01 - Sharper Image SDTV.mp4 to queue (admission gate overridden)
WARNING: Force adding Forensic Files - S12E11 - A Cinderella Story SDTV.avi to queue (admission gate overridden)
WARNING: Force adding Forensic Files - S12E24 - Driven to Silence SDTV.avi to queue (admission gate overridden)
WARNING: Force adding Forensic Files - S12E02 - Insulated Evidence SDTV.avi to queue (admission gate overridden)
WARNING: Force adding Forensic Files - S11E34 - Small Town Terror SDTV.mp4 to queue (admission gate overridden)
WARNING: Force adding Forensic Files - S09E02 - Hunter or Hunted SDTV.mp4 to queue (admission gate overridden)
WARNING: Force adding Forensic Files - S03E03 - The Talking Skull SDTV.mp4 to queue (admission gate overridden)
WARNING: Force adding Forensic Files - S03E09 - Beaten by a Hair SDTV.mp4 to queue (admission gate overridden)
WARNING: Force adding Forensic Files - S01E05 - Planted Evidence WEBRip-720p-mv.mp4 to queue (admission gate overridden)
WARNING: Refusing to admit queue row -- source already MediaVortex-transcoded (Forensic Files/Season 1/Forensic Files - S01E05 - Planted Evidence WEBRip-720p-mv.mp4)
WARNING: Force adding Forensic Files - S13E45 - Watchful Eye Bluray-480p-mv.mp4 to queue (admission gate overridden)
WARNING: Refusing to admit queue row -- source already MediaVortex-transcoded (Forensic Files/Season 13/Forensic Files - S13E45 - Watchful Eye Bluray-480p-mv.mp4)
WARNING: Force adding Forensic Files - S10E40 - Wired for Disaster SDTV.mp4 to queue (admission gate overridden)
WARNING: Force adding Forensic Files - S10E05 - Soiled Plan SDTV.avi to queue (admission gate overridden)
WARNING: Force adding Forensic Files - S07E24 - The Metal Business SDTV.avi to queue (admission gate overridden)
WARNING: Force adding Forensic Files - S12E12 - Screen Pass SDTV.avi to queue (admission gate overridden)
WARNING: Force adding Forensic Files - S11E29 - As the Tide Turns SDTV.avi to queue (admission gate overridden)
WARNING: Force adding Forensic Files - S09E22 - Seeds for Doubt SDTV.mp4 to queue (admission gate overridden)
WARNING: Force adding Forensic Files - S09E05 - News at 11 SDTV.mp4 to queue (admission gate overridden)
WARNING: Force adding Forensic Files - S08E16 - Private Thoughts SDTV.avi to queue (admission gate overridden)
WARNING: Force adding Forensic Files - S08E08 - All Wet SDTV.mp4 to queue (admission gate overridden)
WARNING: Force adding Forensic Files - S05E11 - Lasting Impression SDTV.avi to queue (admission gate overridden)
WARNING: Force adding Forensic Files - S09E12 - The Financial Downfall SDTV.avi to queue (admission gate overridden)
WARNING: Force adding Forensic Files - S07E06 - A Bite Out of Crime SDTV.avi to queue (admission gate overridden)
WARNING: Force adding Forensic Files - S09E28 - South of the Border SDTV.mp4 to queue (admission gate overridden)
WARNING: Force adding Forensic Files - S10E18 - Oily in the Morning SDTV.avi to queue (admission gate overridden)
WARNING: Force adding Forensic Files - S07E28 - Elephant Tracks SDTV.mp4 to queue (admission gate overridden)
WARNING: Force adding Forensic Files - S06E28 - Naked Justice SDTV.avi to queue (admission gate overridden)
WARNING: Force adding Forensic Files - S06E14 - Treads and Threads SDTV.avi to queue (admission gate overridden)
WARNING: Force adding Forensic Files - S10E41 - Wood-be Killer SDTV.mp4 to queue (admission gate overridden)
WARNING: Force adding Forensic Files - S08E22 - Bound for Jail SDTV.avi to queue (admission gate overridden)
WARNING: Force adding Forensic Files - S11E23 - Chief Suspect SDTV.avi to queue (admission gate overridden)
WARNING: Force adding Forensic Files - S02E07 - Fatal Fungus SDTV.avi to queue (admission gate overridden)
WARNING: Force adding Forensic Files - S07E09 - A Shot in the Dark SDTV.avi to queue (admission gate overridden)
WARNING: Force adding Forensic Files - S10E04 - Up in Smoke SDTV.avi to queue (admission gate overridden)
WARNING: Force adding Forensic Files - S05E19 - Deadly Knowledge SDTV.avi to queue (admission gate overridden)
WARNING: Force adding Forensic Files - S11E15 - Nice Threads SDTV.avi to queue (admission gate overridden)
WARNING: Force adding Forensic Files - S13E16 - Unmasked SDTV.avi to queue (admission gate overridden)
WARNING: Force adding Forensic Files - S13E50 - Best Foot Forward SDTV.avi to queue (admission gate overridden)
WARNING: Force adding Forensic Files - S10E17 - Picture This SDTV.avi to queue (admission gate overridden)
WARNING: Force adding Forensic Files - S10E11 - Strong Impressions SDTV.mp4 to queue (admission gate overridden)
WARNING: Force adding Forensic Files - S02E06 - The Blood Trail SDTV.mp4 to queue (admission gate overridden)
WARNING: Force adding Forensic Files - S08E24 - Nailed SDTV.avi to queue (admission gate overridden)
WARNING: Force adding Forensic Files - S05E18 - Video Diary SDTV.avi to queue (admission gate overridden)
WARNING: Force adding Forensic Files - S05E03 - A Woman Scorned SDTV.avi to queue (admission gate overridden)
WARNING: Force adding Forensic Files - S07E13 - A Touching Recollection SDTV.avi to queue (admission gate overridden)
WARNING: Force adding Forensic Files - S07E40 - The Sniper's Trail SDTV.mp4 to queue (admission gate overridden)
WARNING: Force adding Forensic Files - S12E21 - Traffic Violations SDTV.avi to queue (admission gate overridden)
WARNING: Force adding Forensic Files - S11E39 - Fired-Up SDTV.mp4 to queue (admission gate overridden)
WARNING: Force adding Forensic Files - S11E24 - Water Hazard SDTV.avi to queue (admission gate overridden)
WARNING: Force adding Forensic Files - S11E42 - Message in a Bottle SDTV.avi to queue (admission gate overridden)
WARNING: Force adding Forensic Files - S09E15 - Pinned by the Evidence SDTV.avi to queue (admission gate overridden)
WARNING: Force adding Forensic Files - S09E01 - Road Rage SDTV.mp4 to queue (admission gate overridden)
WARNING: Force adding Forensic Files - S09E18 - Badge of Betrayal SDTV.mp4 to queue (admission gate overridden)
WARNING: Force adding Forensic Files - S03E12 - Broken Bond SDTV.avi to queue (admission gate overridden)
WARNING: Force adding Forensic Files - S02E02 - The Dirty Deed SDTV.avi to queue (admission gate overridden)
WARNING: Force adding Forensic Files - S13E25 - Family Ties SDTV.avi to queue (admission gate overridden)
WARNING: Force adding Forensic Files - S06E12 - Whodunit SDTV.avi to queue (admission gate overridden)
WARNING: Force adding Forensic Files - S04E06 - 'Til Death Do Us Part SDTV.avi to queue (admission gate overridden)
WARNING: Force adding Forensic Files - S09E29 - The Stake-Out SDTV.avi to queue (admission gate overridden)
WARNING: Force adding Forensic Files - S04E07 - Ties That Bind SDTV.avi to queue (admission gate overridden)
WARNING: Force adding Forensic Files - S08E28 - Bed of Deceit SDTV.avi to queue (admission gate overridden)
WARNING: Force adding Forensic Files - S10E42 - Enemy Within SDTV.avi to queue (admission gate overridden)
WARNING: Force adding Forensic Files - S08E19 - Breaking News SDTV.avi to queue (admission gate overridden)
WARNING: Force adding Forensic Files - S08E10 - Dinner and a Movie SDTV.avi to queue (admission gate overridden)
WARNING: Force adding Forensic Files - S12E14 - Finger Pane SDTV.avi to queue (admission gate overridden)
WARNING: Force adding Forensic Files - S03E10 - Crime Seen SDTV.mp4 to queue (admission gate overridden)
WARNING: Force adding Forensic Files - S09E08 - Bad Medicine SDTV.avi to queue (admission gate overridden)
WARNING: Force adding Forensic Files - S11E04 - Sunday's Wake SDTV.avi to queue (admission gate overridden)
WARNING: Force adding Forensic Files - S11E05 - Shattered Dreams SDTV.mp4 to queue (admission gate overridden)
WARNING: Force adding Forensic Files - S13E15 - Sworded Scheme Bluray-720p.mkv to queue (admission gate overridden)
WARNING: Force adding Forensic Files - S08E20 - All the World's a Stage SDTV.avi to queue (admission gate overridden)
WARNING: Force adding Forensic Files - S13E24 - As Fault SDTV.avi to queue (admission gate overridden)
WARNING: Force adding Forensic Files - S13E19 - Seedy Intentions Bluray-720p.mkv to queue (admission gate overridden)
WARNING: Force adding Forensic Files - S13E49 - Pet Rock SDTV.avi to queue (admission gate overridden)
WARNING: Force adding Forensic Files - S06E20 - Root of All Evil SDTV.avi to queue (admission gate overridden)
WARNING: Force adding Forensic Files - S13E12 - Kidnapping SDTV.avi to queue (admission gate overridden)
WARNING: Force adding Forensic Files - S13E34 - Sign of the Crime SDTV.mp4 to queue (admission gate overridden)
WARNING: Force adding Forensic Files - S14E06 - Home of the Brave Bluray-480p-mv.mp4 to queue (admission gate overridden)
WARNING: Refusing to admit queue row -- source already MediaVortex-transcoded (Forensic Files/Season 14/Forensic Files - S14E06 - Home of the Brave Bluray-480p-mv.mp4)
WARNING: Force adding Forensic Files - S14E11 - Water Logged Bluray-720p.mkv to queue (admission gate overridden)
WARNING: Force adding Forensic Files - S14E17 - Seeing Red SDTV.mp4 to queue (admission gate overridden)
WARNING: Force adding Forensic Files - S14E16 - Gone Ballistic SDTV.mp4 to queue (admission gate overridden)
WARNING: Force adding Forensic Files - S06E21 - Where the Blood Drops SDTV.avi to queue (admission gate overridden)
WARNING: Force adding Forensic Files - S06E25 - Bagging a Killer SDTV.mp4 to queue (admission gate overridden)
WARNING: Force adding Forensic Files - S06E05 - Death Play SDTV.avi to queue (admission gate overridden)
WARNING: Force adding Forensic Files - S06E08 - Frozen Evidence SDTV.avi to queue (admission gate overridden)
WARNING: Force adding Forensic Files - S10E22 - A Clean Getaway SDTV.avi to queue (admission gate overridden)
WARNING: Force adding Forensic Files - S07E05 - The Alibi SDTV.avi to queue (admission gate overridden)
WARNING: Force adding Forensic Files - S12E18 - Shattered Innocence SDTV.mp4 to queue (admission gate overridden)
WARNING: Force adding Forensic Files - S11E38 - Blanket of Evidence SDTV.mp4 to queue (admission gate overridden)
WARNING: Force adding Forensic Files - S09E10 - Head Games SDTV.avi to queue (admission gate overridden)
WARNING: Force adding Forensic Files - S07E31 - The Sniffing Revenge SDTV.mp4 to queue (admission gate overridden)
WARNING: Force adding Forensic Files - S10E01 - Trial by Fire SDTV.avi to queue (admission gate overridden)
WARNING: Force adding Forensic Files - S10E39 - To the Viktor SDTV.avi to queue (admission gate overridden)
WARNING: Force adding Forensic Files - S09E13 - A Daughter's Journey SDTV.avi to queue (admission gate overridden)
WARNING: Force adding Forensic Files - S10E09 - Shear Luck SDTV.avi to queue (admission gate overridden)
WARNING: Force adding Forensic Files - S07E30 - Tooth or Consequences SDTV.avi to queue (admission gate overridden)
WARNING: Force adding Forensic Files - S12E17 - Dog Day Afternoon SDTV.avi to queue (admission gate overridden)
WARNING: Force adding Forensic Files - S11E13 - Undertaken SDTV.avi to queue (admission gate overridden)
WARNING: Force adding Forensic Files - S14E13 - Low Maintenance SDTV.mp4 to queue (admission gate overridden)
WARNING: Force adding Forensic Files - S12E04 - Wheel of Misfortune SDTV.mp4 to queue (admission gate overridden)
WARNING: Force adding Forensic Files - S12E10 - Catch 22 SDTV-mv.mp4 to queue (admission gate overridden)
WARNING: Refusing to admit queue row -- source already MediaVortex-transcoded (Forensic Files/Season 12/Forensic Files - S12E10 - Catch 22 SDTV-mv.mp4)
WARNING: Force adding Forensic Files - S13E10 - Window Watcher SDTV.avi to queue (admission gate overridden)
WARNING: Force adding Forensic Files - S13E04 - Political Thriller SDTV.avi to queue (admission gate overridden)
WARNING: Force adding Forensic Files - S13E38 - Cold Feet SDTV.avi to queue (admission gate overridden)
WARNING: Force adding Forensic Files - S12E20 - Jean Pool SDTV.avi to queue (admission gate overridden)
WARNING: Force adding Forensic Files - S11E07 - Murder, She Wrote SDTV.avi to queue (admission gate overridden)
WARNING: Force adding Forensic Files - S09E09 - Stick 'em Up SDTV.avi to queue (admission gate overridden)
WARNING: Force adding Forensic Files - S11E27 - Killer Impression SDTV.mp4 to queue (admission gate overridden)
WARNING: Force adding Forensic Files - S11E25 - Shell Game SDTV.avi to queue (admission gate overridden)
WARNING: Force adding Forensic Files - S06E30 - Shopping Spree SDTV-mv.mp4 to queue (admission gate overridden)
WARNING: Refusing to admit queue row -- source already MediaVortex-transcoded (Forensic Files/Season 6/Forensic Files - S06E30 - Shopping Spree SDTV-mv.mp4)
WARNING: Force adding Forensic Files - S08E26 - Letter Perfect SDTV.avi to queue (admission gate overridden)
WARNING: Force adding Forensic Files - S04E08 - Body of Evidence SDTV.mp4 to queue (admission gate overridden)
WARNING: Force adding Forensic Files - S11E20 - Live Wire SDTV-mv.mp4 to queue (admission gate overridden)
WARNING: Refusing to admit queue row -- source already MediaVortex-transcoded (Forensic Files/Season 11/Forensic Files - S11E20 - Live Wire SDTV-mv.mp4)
WARNING: Force adding Forensic Files - S13E09 - Home Evasion SDTV.avi to queue (admission gate overridden)
WARNING: Force adding Forensic Files - S08E06 - Tourist Trap SDTV.avi to queue (admission gate overridden)
WARNING: Force adding Forensic Files - S05E10 - Nursery Crimes SDTV.avi to queue (admission gate overridden)
WARNING: Force adding Forensic Files - S13E26 - Trouble Brewing SDTV.mp4 to queue (admission gate overridden)
WARNING: Force adding Forensic Files - S06E17 - Line of Fire SDTV.avi to queue (admission gate overridden)
WARNING: Force adding Forensic Files - S13E11 - Stranger in the Night SDTV.avi to queue (admission gate overridden)
WARNING: Force adding Forensic Files - S13E41 - Palm Saturday SDTV.mp4 to queue (admission gate overridden)
WARNING: Force adding Forensic Files - S06E23 - Sibling Rivalry SDTV.avi to queue (admission gate overridden)
WARNING: Force adding Forensic Files - S12E08 - Sole Survivor SDTV-mv.mp4 to queue (admission gate overridden)
WARNING: Refusing to admit queue row -- source already MediaVortex-transcoded (Forensic Files/Season 12/Forensic Files - S12E08 - Sole Survivor SDTV-mv.mp4)
WARNING: Force adding Forensic Files - S11E32 - Critical Maneuver SDTV.avi to queue (admission gate overridden)
WARNING: Force adding Forensic Files - S12E07 - The Day the Music Died SDTV.mp4 to queue (admission gate overridden)
WARNING: Force adding Forensic Files - S09E20 - Muddy Waters SDTV.avi to queue (admission gate overridden)
WARNING: Force adding Forensic Files - S13E30 - Dollars and Sense SDTV.avi to queue (admission gate overridden)
WARNING: Force adding Forensic Files - S05E06 - Memories SDTV.avi to queue (admission gate overridden)
WARNING: Force adding Forensic Files - S13E47 - Dirty Little Seacret Bluray-480p-mv.mp4 to queue (admission gate overridden)
WARNING: Refusing to admit queue row -- source already MediaVortex-transcoded (Forensic Files/Season 13/Forensic Files - S13E47 - Dirty Little Seacret Bluray-480p-mv.mp4)
WARNING: Force adding Forensic Files - S13E21 - Smiley Face SDTV.avi to queue (admission gate overridden)
WARNING: Force adding Forensic Files - S14E15 - Trail of a Killer SDTV.mp4 to queue (admission gate overridden)
WARNING: Force adding Forensic Files - S08E39 - Hack Attack SDTV.avi to queue (admission gate overridden)
WARNING: Force adding Forensic Files - S08E33 - Death by a Salesman SDTV.avi to queue (admission gate overridden)
WARNING: Force adding Forensic Files - S07E27 - A Vow of Silence SDTV.avi to queue (admission gate overridden)
WARNING: Force adding Forensic Files - S07E37 - Breaking the Mold SDTV-mv.mp4 to queue (admission gate overridden)
WARNING: Refusing to admit queue row -- source already MediaVortex-transcoded (Forensic Files/Season 7/Forensic Files - S07E37 - Breaking the Mold SDTV-mv.mp4)
WARNING: Force adding Forensic Files - S07E41 - Plastic Fire SDTV.avi to queue (admission gate overridden)
WARNING: Force adding Forensic Files - S07E07 - Purr-fect Match SDTV.avi to queue (admission gate overridden)
WARNING: Force adding Forensic Files - S11E16 - Grave Danger SDTV.avi to queue (admission gate overridden)
WARNING: Force adding Forensic Files - S11E22 - A Novel Idea SDTV-mv.mp4 to queue (admission gate overridden)
WARNING: Refusing to admit queue row -- source already MediaVortex-transcoded (Forensic Files/Season 11/Forensic Files - S11E22 - A Novel Idea SDTV-mv.mp4)
WARNING: Force adding Forensic Files - S11E36 - Ticker Tape SDTV.avi to queue (admission gate overridden)
WARNING: Force adding Forensic Files - S14E12 - Social Circle Bluray-720p.mkv to queue (admission gate overridden)
WARNING: Force adding Forensic Files - S13E03 - Shoot to Thrill SDTV.mp4 to queue (admission gate overridden)
WARNING: Force adding Forensic Files - S11E14 - Dark Waters SDTV.avi to queue (admission gate overridden)
WARNING: Force adding Forensic Files - S04E11 - Haunting Vision SDTV.mp4 to queue (admission gate overridden)
WARNING: Force adding Forensic Files - S06E04 - Hand Delivered SDTV.avi to queue (admission gate overridden)
WARNING: Force adding Forensic Files - S06E18 - Bad Blood SDTV.avi to queue (admission gate overridden)
WARNING: Force adding Forensic Files - S13E01 - Frozen Assets SDTV.avi to queue (admission gate overridden)
WARNING: Force adding Forensic Files - S01E07 - Legionnaires' Disease WEBRip-720p-mv.mp4 to queue (admission gate overridden)
WARNING: Refusing to admit queue row -- source already MediaVortex-transcoded (Forensic Files/Season 1/Forensic Files - S01E07 - Legionnaires' Disease WEBRip-720p-mv.mp4)
WARNING: Force adding Forensic Files - S13E43 - Family Interrupted Bluray-480p-mv.mp4 to queue (admission gate overridden)
WARNING: Refusing to admit queue row -- source already MediaVortex-transcoded (Forensic Files/Season 13/Forensic Files - S13E43 - Family Interrupted Bluray-480p-mv.mp4)
WARNING: Force adding Forensic Files - S06E03 - Man's Best Friend SDTV.avi to queue (admission gate overridden)
WARNING: Force adding Forensic Files - S06E26 - Double Trouble SDTV.avi to queue (admission gate overridden)
WARNING: Force adding Forensic Files - S08E41 - Visibility Zero SDTV.avi to queue (admission gate overridden)
WARNING: Force adding Forensic Files - S06E16 - Skin of Her Teeth SDTV.avi to queue (admission gate overridden)
WARNING: Force adding Forensic Files - S05E07 - Trail of Truth SDTV.avi to queue (admission gate overridden)
WARNING: Force adding Forensic Files - S05E01 - Badge of Deceit SDTV.avi to queue (admission gate overridden)
WARNING: Force adding Forensic Files - S12E22 - Brotherly Love SDTV.avi to queue (admission gate overridden)
WARNING: Force adding Forensic Files - S11E26 - Ring Him Up SDTV.mp4 to queue (admission gate overridden)
WARNING: Force adding Forensic Files - S11E10 - The Gambler SDTV.avi to queue (admission gate overridden)
WARNING: Force adding Forensic Files - S13E17 - Fashion Police Bluray-480p-mv.mp4 to queue (admission gate overridden)
WARNING: Refusing to admit queue row -- source already MediaVortex-transcoded (Forensic Files/Season 13/Forensic Files - S13E17 - Fashion Police Bluray-480p-mv.mp4)
WARNING: Force adding Love Island - S12E37 - Episode 37 WEBDL-1080p-mv.mp4 to queue (admission gate overridden)
WARNING: Refusing to admit queue row -- source already MediaVortex-transcoded (Love Island/Season 12/Love Island - S12E37 - Episode 37 WEBDL-1080p-mv.mp4)
WARNING: Force adding Love Island - S12E26 - Episode 26 WEBDL-1080p-mv.mp4 to queue (admission gate overridden)
WARNING: Refusing to admit queue row -- source already MediaVortex-transcoded (Love Island/Season 12/Love Island - S12E26 - Episode 26 WEBDL-1080p-mv.mp4)
WARNING: Force adding Love Island - S01E07 - Episode 7 WEBDL-1080p.mkv to queue (admission gate overridden)
WARNING: Force adding Love Island - S04E02 - Episode 2 WEBDL-1080p.mkv to queue (admission gate overridden)
WARNING: Force adding Love Island - S01E34 - Episode 34 Live Final WEBDL-1080p-mv.mp4 to queue (admission gate overridden)
WARNING: Force adding Love Island - S01E34 - Episode 34 Live Final WEBDL-1080p-mv.mp4 despite VMAF>=80 on latest attempt (VMAF gate overridden)
WARNING: Refusing to admit queue row -- source already MediaVortex-transcoded (Love Island/Season 1/Love Island - S01E34 - Episode 34 Live Final WEBDL-1080p-mv.mp4)
WARNING: Force adding Love Island - S10E45 - Episode 45 HDTV-1080p.mkv to queue (admission gate overridden)
WARNING: Force adding Love Island - S01E17 - Episode 17 Live WEBDL-1080p-mv.mp4 to queue (admission gate overridden)
WARNING: Refusing to admit queue row -- source already MediaVortex-transcoded (Love Island/Season 1/Love Island - S01E17 - Episode 17 Live WEBDL-1080p-mv.mp4)
WARNING: Force adding Love Island - S01E29 - Episode 29 Live WEBDL-1080p-mv.mp4 to queue (admission gate overridden)
WARNING: Refusing to admit queue row -- source already MediaVortex-transcoded (Love Island/Season 1/Love Island - S01E29 - Episode 29 Live WEBDL-1080p-mv.mp4)
WARNING: Force adding Love Island - S10E41 - Episode 41 HDTV-1080p.mkv to queue (admission gate overridden)
WARNING: Force adding Love Island - S12E32 - Episode 32 HDTV-1080p.mkv to queue (admission gate overridden)
WARNING: Force adding Love Island - S04E21 - Episode 18 WEBDL-1080p.mkv to queue (admission gate overridden)
WARNING: Force adding Love Island - S01E12 - Episode 12 WEBDL-1080p.mkv to queue (admission gate overridden)
WARNING: Force adding Love Island - S01E12 - Episode 12 WEBDL-1080p.mkv despite VMAF>=80 on latest attempt (VMAF gate overridden)
WARNING: Force adding Love Island - S12E18 - Episode 18 WEBDL-1080p-mv.mp4 to queue (admission gate overridden)
WARNING: Refusing to admit queue row -- source already MediaVortex-transcoded (Love Island/Season 12/Love Island - S12E18 - Episode 18 WEBDL-1080p-mv.mp4)
WARNING: Force adding Love Island - S04E36 - Episode 31 WEBDL-1080p.mkv to queue (admission gate overridden)
WARNING: Force adding Love Island - S04E17 - Episode 15 WEBDL-1080p.mkv to queue (admission gate overridden)
WARNING: Force adding Love Island - S12E20 - Episode 20 - Unseen Bits WEBDL-1080p.mkv to queue (admission gate overridden)
WARNING: Force adding Love Island - S05E14 - Episode 12 WEBDL-720p.mkv to queue (admission gate overridden)
WARNING: Force adding Love Island - S13E18 - Episode 18 HDTV-1080p.mkv to queue (admission gate overridden)
WARNING: Force adding Love Island - S12E52 - Episode 52 WEBDL-1080p-mv.mp4 to queue (admission gate overridden)
WARNING: Refusing to admit queue row -- source already MediaVortex-transcoded (Love Island/Season 12/Love Island - S12E52 - Episode 52 WEBDL-1080p-mv.mp4)
WARNING: Force adding Love Island - S01E23 - Episode 23 Live WEBDL-1080p-mv.mp4 to queue (admission gate overridden)
WARNING: Refusing to admit queue row -- source already MediaVortex-transcoded (Love Island/Season 1/Love Island - S01E23 - Episode 23 Live WEBDL-1080p-mv.mp4)
WARNING: Force adding Love Island - S12E57 - The Live Final WEBDL-1080p-mv.mp4 to queue (admission gate overridden)
WARNING: Refusing to admit queue row -- source already MediaVortex-transcoded (Love Island/Season 12/Love Island - S12E57 - The Live Final WEBDL-1080p-mv.mp4)
WARNING: Force adding Love Island - S01E27 - Episode 27 WEBDL-1080p-mv.mp4 to queue (admission gate overridden)