WARNING: Killed orphaned process 44400 for job 72232
WARNING: Crash recovery: completed partial replacement for T:\You\Season 2\You - S02E09 - P.I. Joe WEBRip-720p-mv.mp4 -> T:\You\Season 2\You - S02E09 - P.I. Joe WEBRip-720p-mv.mp4
WARNING: Crash recovery: completed partial replacement for T:\Pokémon\Season 4\Pokémon - S04E41 - The Heartbreak of Brock DVD-mv.mp4 -> T:\Pokémon\Season 4\Pokémon - S04E41 - The Heartbreak of Brock DVD-mv.mp4
WARNING: Crash recovery: completed partial replacement for T:\Pokémon\Season 4\Pokémon - S04E41 - The Heartbreak of Brock DVD-mv.mp4 -> T:\Pokémon\Season 4\Pokémon - S04E41 - The Heartbreak of Brock DVD-mv.mp4
WARNING: Crash recovery: completed partial replacement for T:\You\Season 2\You - S02E09 - P.I. Joe WEBRip-720p-mv.mp4 -> T:\You\Season 2\You - S02E09 - P.I. Joe WEBRip-720p-mv.mp4
WARNING: No English audio stream found among 1 stream(s) (languages: ['und']), using first stream
WARNING: Crash recovery: completed partial replacement for T:\The Orville\Season 1\The Orville - S01E01 - Old Wounds HDTV-720p-mv.mp4 -> T:\The Orville\Season 1\The Orville - S01E01 - Old Wounds HDTV-720p-mv.mp4
WARNING: No English audio stream found among 1 stream(s) (languages: ['und']), using first stream
WARNING: Crash recovery: completed partial replacement for T:\True Blood\Season 2\True Blood - S02E05 - Never Let Me Go Bluray-480p-mv.mp4 -> T:\True Blood\Season 2\True Blood - S02E05 - Never Let Me Go Bluray-480p-mv.mp4
WARNING: No English audio stream found among 1 stream(s) (languages: ['und']), using first stream
WARNING: Crash recovery: completed partial replacement for T:\The Queen's Gambit\Season 1\The Queen's Gambit - S01E01 - Openings WEBDL-480p-mv.mp4 -> T:\The Queen's Gambit\Season 1\The Queen's Gambit - S01E01 - Openings WEBDL-480p-mv.mp4
WARNING: Crash recovery: completed partial replacement for T:\Saturday Night Live\Season 49\Saturday Night Live - S49E18 - Dua Lipa SDTV-mv.mp4 -> T:\Saturday Night Live\Season 49\Saturday Night Live - S49E18 - Dua Lipa SDTV-mv.mp4
WARNING: No English audio stream found among 1 stream(s) (languages: ['und']), using first stream
WARNING: Crash recovery: completed partial replacement for T:\FBI\Season 2\FBI - S02E18 - American Dreams (1) SDTV-mv.mp4 -> T:\FBI\Season 2\FBI - S02E18 - American Dreams (1) SDTV-mv.mp4
WARNING: No English audio stream found among 1 stream(s) (languages: ['und']), using first stream
WARNING: Crash recovery: completed partial replacement for T:\America's Next Top Model\Season 9\America's Next Top Model - S09E07 - The Girl Who Runs Into the Glass Door WEBDL-720p-mv.mp4 -> T:\America's Next Top Model\Season 9\America's Next Top Model - S09E07 - The Girl Who Runs Into the Glass Door WEBDL-720p-mv.mp4
WARNING: Crash recovery: completed partial replacement for T:\The Garfield Show\Season 3\The Garfield Show - S03E32 - Revenge of the Cat People WEBDL-720p-mv.mp4 -> T:\The Garfield Show\Season 3\The Garfield Show - S03E32 - Revenge of the Cat People WEBDL-720p-mv.mp4
WARNING: No English audio stream found among 1 stream(s) (languages: ['und']), using first stream
WARNING: Crash recovery: completed partial replacement for T:\The Blacklist\Season 6\The Blacklist - S06E08 - Marko Jankowics WEBDL-480p-mv.mp4 -> T:\The Blacklist\Season 6\The Blacklist - S06E08 - Marko Jankowics WEBDL-480p-mv.mp4
WARNING: No English audio stream found among 1 stream(s) (languages: ['und']), using first stream
WARNING: Crash recovery: completed partial replacement for T:\The Queen's Gambit\Season 1\The Queen's Gambit - S01E06 - Adjournment WEBDL-480p-mv.mp4 -> T:\The Queen's Gambit\Season 1\The Queen's Gambit - S01E06 - Adjournment WEBDL-480p-mv.mp4
WARNING: No English audio stream found among 1 stream(s) (languages: ['und']), using first stream
WARNING: Crash recovery: completed partial replacement for T:\Forged in Fire\Season 7\Forged in Fire - S07E05 - Halloween Edition WEBDL-480p-mv.mp4 -> T:\Forged in Fire\Season 7\Forged in Fire - S07E05 - Halloween Edition WEBDL-480p-mv.mp4
WARNING: Crash recovery: completed partial replacement for T:\The Big Bang Theory\Season 12\The Big Bang Theory - S12E19 - The Inspiration Deprivation HDTV-720p-mv.mp4 -> T:\The Big Bang Theory\Season 12\The Big Bang Theory - S12E19 - The Inspiration Deprivation HDTV-720p-mv.mp4
WARNING: Crash recovery: completed partial replacement for T:\South Park\Season 6\South Park - S06E12 - A Ladder to Heaven HDTV-1080p-mv.mp4 -> T:\South Park\Season 6\South Park - S06E12 - A Ladder to Heaven HDTV-1080p-mv.mp4
WARNING: Crash recovery: completed partial replacement for T:\South Park\Season 4\South Park - S04E15 - Fat Camp HDTV-1080p-mv.mp4 -> T:\South Park\Season 4\South Park - S04E15 - Fat Camp HDTV-1080p-mv.mp4
WARNING: Crash recovery: completed partial replacement for T:\South Park\Season 1\South Park - S01E11 - Tom's Rhinoplasty HDTV-1080p-mv.mp4 -> T:\South Park\Season 1\South Park - S01E11 - Tom's Rhinoplasty HDTV-1080p-mv.mp4
WARNING: Crash recovery: completed partial replacement for T:\South Park\Season 8\South Park - S08E06 - The Jeffersons HDTV-1080p-mv.mp4 -> T:\South Park\Season 8\South Park - S08E06 - The Jeffersons HDTV-1080p-mv.mp4
WARNING: No English audio stream found among 1 stream(s) (languages: ['und']), using first stream
WARNING: Crash recovery: completed partial replacement for T:\Fear Factor\Season 8\Fear Factor - S08E11 - Ultimate Fear Workout WEBDL-480p-mv.mp4 -> T:\Fear Factor\Season 8\Fear Factor - S08E11 - Ultimate Fear Workout WEBDL-480p-mv.mp4
WARNING: No English audio stream found among 1 stream(s) (languages: ['und']), using first stream
WARNING: Crash recovery: completed partial replacement for T:\American Pickers\Season 2017\American Pickers - S2017E03 - Beer Factor WEBDL-480p-mv.mp4 -> T:\American Pickers\Season 2017\American Pickers - S2017E03 - Beer Factor WEBDL-480p-mv.mp4
WARNING: No English audio stream found among 1 stream(s) (languages: ['und']), using first stream
WARNING: Crash recovery: completed partial replacement for T:\The Blacklist\Season 6\The Blacklist - S06E11 - Bastien Moreau WEBDL-480p-mv.mp4 -> T:\The Blacklist\Season 6\The Blacklist - S06E11 - Bastien Moreau WEBDL-480p-mv.mp4
WARNING: No English audio stream found among 1 stream(s) (languages: ['und']), using first stream
WARNING: Crash recovery: completed partial replacement for T:\Forged in Fire - Knife or Death\Season 2\Forged in Fire - Knife or Death - S02E04 - American Choppers WEBDL-480p-mv.mp4 -> T:\Forged in Fire - Knife or Death\Season 2\Forged in Fire - Knife or Death - S02E04 - American Choppers WEBDL-480p-mv.mp4
WARNING: No English audio stream found among 1 stream(s) (languages: ['und']), using first stream
WARNING: Crash recovery: completed partial replacement for T:\NCIS - Origins\Season 1\NCIS - Origins - S01E17 - Darlin', Don't Refrain HDTV-720p-mv.mp4 -> T:\NCIS - Origins\Season 1\NCIS - Origins - S01E17 - Darlin', Don't Refrain HDTV-720p-mv.mp4
WARNING: No English audio stream found among 1 stream(s) (languages: ['und']), using first stream
WARNING: Crash recovery: completed partial replacement for T:\Fear Factor\Season 9\Fear Factor - S09E12 - Hip Hop Sibling Smackdown WEBDL-480p-mv.mp4 -> T:\Fear Factor\Season 9\Fear Factor - S09E12 - Hip Hop Sibling Smackdown WEBDL-480p-mv.mp4
WARNING: No English audio stream found among 1 stream(s) (languages: ['und']), using first stream
WARNING: Crash recovery: completed partial replacement for T:\Pawn Stars\Season 2019\Pawn Stars - S2019E24 - Rick and the Heartbreakers WEBDL-480p-mv.mp4 -> T:\Pawn Stars\Season 2019\Pawn Stars - S2019E24 - Rick and the Heartbreakers WEBDL-480p-mv.mp4
WARNING: No English audio stream found among 1 stream(s) (languages: ['und']), using first stream
WARNING: Crash recovery: completed partial replacement for T:\Forged in Fire\Season 5\Forged in Fire - S05E15 - Kelewang WEBDL-480p-mv.mp4 -> T:\Forged in Fire\Season 5\Forged in Fire - S05E15 - Kelewang WEBDL-480p-mv.mp4
WARNING: No English audio stream found among 1 stream(s) (languages: ['und']), using first stream
WARNING: Crash recovery: completed partial replacement for T:\The Sinner\Season 2\The Sinner - S02E02 - Part II WEBDL-480p-mv.mp4 -> T:\The Sinner\Season 2\The Sinner - S02E02 - Part II WEBDL-480p-mv.mp4
WARNING: No English audio stream found among 1 stream(s) (languages: ['und']), using first stream
WARNING: Crash recovery: completed partial replacement for T:\Fear Factor\Season 9\Fear Factor - S09E11 - Hip Hop Battle WEBDL-480p-mv.mp4 -> T:\Fear Factor\Season 9\Fear Factor - S09E11 - Hip Hop Battle WEBDL-480p-mv.mp4
WARNING: No English audio stream found among 1 stream(s) (languages: ['und']), using first stream
WARNING: Crash recovery: completed partial replacement for T:\True Blood\Season 1\True Blood - S01E12 - You'll Be the Death of Me Bluray-480p-mv.mp4 -> T:\True Blood\Season 1\True Blood - S01E12 - You'll Be the Death of Me Bluray-480p-mv.mp4
WARNING: No English audio stream found among 1 stream(s) (languages: ['fre']), using first stream
WARNING: Crash recovery: completed partial replacement for T:\Longmire\Season 6\Longmire - S06E10 - Goodbye Is Always Implied WEBRip-480p-mv.mp4 -> T:\Longmire\Season 6\Longmire - S06E10 - Goodbye Is Always Implied WEBRip-480p-mv.mp4
WARNING: Crash recovery: completed partial replacement for T:\You\Season 2\You - S02E09 - P.I. Joe WEBRip-720p-mv.mp4 -> T:\You\Season 2\You - S02E09 - P.I. Joe WEBRip-720p-mv.mp4
WARNING: Crash recovery: completed partial replacement for T:\The Garfield Show\Season 3\The Garfield Show - S03E10 - The Non-Garfield Show WEBDL-720p-mv.mp4 -> T:\The Garfield Show\Season 3\The Garfield Show - S03E10 - The Non-Garfield Show WEBDL-720p-mv.mp4
WARNING: Crash recovery: completed partial replacement for T:\South Park\Season 8\South Park - S08E10 - Pre-School HDTV-1080p-mv.mp4 -> T:\South Park\Season 8\South Park - S08E10 - Pre-School HDTV-1080p-mv.mp4
WARNING: Crash recovery: completed partial replacement for T:\The Graham Norton Show\Season 33\The Graham Norton Show - S33E10 - Episode 10 HDTV-720p-mv.mp4 -> T:\The Graham Norton Show\Season 33\The Graham Norton Show - S33E10 - Episode 10 HDTV-720p-mv.mp4
WARNING: Crash recovery: completed partial replacement for T:\South Park\Season 9\South Park - S09E01 - Mr. Garrison's Fancy New Vagina HDTV-1080p-mv.mp4 -> T:\South Park\Season 9\South Park - S09E01 - Mr. Garrison's Fancy New Vagina HDTV-1080p-mv.mp4
WARNING: No English audio stream found among 1 stream(s) (languages: ['und']), using first stream
WARNING: Crash recovery: completed partial replacement for T:\In the Dark (2019)\Season 4\In the Dark (2019) - S04E12 - Going Up HDTV-720p-mv.mp4 -> T:\In the Dark (2019)\Season 4\In the Dark (2019) - S04E12 - Going Up HDTV-720p-mv.mp4
WARNING: No English audio stream found among 1 stream(s) (languages: ['und']), using first stream
WARNING: Crash recovery: completed partial replacement for T:\Survivor\Season 43\Survivor - S43E02 - Lovable Curmudgeon SDTV-mv.mp4 -> T:\Survivor\Season 43\Survivor - S43E02 - Lovable Curmudgeon SDTV-mv.mp4
WARNING: No English audio stream found among 1 stream(s) (languages: ['und']), using first stream
WARNING: Crash recovery: completed partial replacement for T:\Forged in Fire\Season 5\Forged in Fire - S05E12 - Military History Tribute (Naval Cutlass) WEBDL-480p-mv.mp4 -> T:\Forged in Fire\Season 5\Forged in Fire - S05E12 - Military History Tribute (Naval Cutlass) WEBDL-480p-mv.mp4
WARNING: No English audio stream found among 1 stream(s) (languages: ['und']), using first stream
WARNING: Crash recovery: completed partial replacement for T:\True Blood\Season 2\True Blood - S02E04 - Shake and Fingerpop Bluray-480p-mv.mp4 -> T:\True Blood\Season 2\True Blood - S02E04 - Shake and Fingerpop Bluray-480p-mv.mp4
WARNING: Crash recovery: completed partial replacement for T:\South Park\Season 8\South Park - S08E08 - Douche and Turd HDTV-1080p-mv.mp4 -> T:\South Park\Season 8\South Park - S08E08 - Douche and Turd HDTV-1080p-mv.mp4
WARNING: No English audio stream found among 1 stream(s) (languages: ['und']), using first stream
WARNING: Crash recovery: completed partial replacement for T:\American Horror Story\Season 5\American Horror Story - S05E02 - Chutes and Ladders SDTV Proper-mv.mp4 -> T:\American Horror Story\Season 5\American Horror Story - S05E02 - Chutes and Ladders SDTV Proper-mv.mp4
WARNING: No English audio stream found among 1 stream(s) (languages: ['und']), using first stream
WARNING: Crash recovery: completed partial replacement for T:\True Blood\Season 1\True Blood - S01E07 - Burning House of Love Bluray-480p-mv.mp4 -> T:\True Blood\Season 1\True Blood - S01E07 - Burning House of Love Bluray-480p-mv.mp4
WARNING: No English audio stream found among 1 stream(s) (languages: ['und']), using first stream
WARNING: Crash recovery: completed partial replacement for T:\True Blood\Season 7\True Blood - S07E04 - Death is Not the End Bluray-480p-mv.mp4 -> T:\True Blood\Season 7\True Blood - S07E04 - Death is Not the End Bluray-480p-mv.mp4
WARNING: No English audio stream found among 1 stream(s) (languages: ['und']), using first stream
WARNING: Crash recovery: completed partial replacement for T:\True Blood\Season 5\True Blood - S05E09 - Everybody Wants to Rule the World Bluray-480p-mv.mp4 -> T:\True Blood\Season 5\True Blood - S05E09 - Everybody Wants to Rule the World Bluray-480p-mv.mp4
WARNING: No English audio stream found among 1 stream(s) (languages: ['ita']), using first stream
WARNING: Crash recovery: completed partial replacement for T:\The Leftovers\Season 2\The Leftovers - S02E05 - No Room at the Inn SDTV-mv.mp4 -> T:\The Leftovers\Season 2\The Leftovers - S02E05 - No Room at the Inn SDTV-mv.mp4
WARNING: No English audio stream found among 1 stream(s) (languages: ['und']), using first stream
WARNING: Crash recovery: completed partial replacement for T:\The Orville\Season 1\The Orville - S01E02 - Command Performance HDTV-720p-mv.mp4 -> T:\The Orville\Season 1\The Orville - S01E02 - Command Performance HDTV-720p-mv.mp4
WARNING: No English audio stream found among 1 stream(s) (languages: ['und']), using first stream
WARNING: Crash recovery: completed partial replacement for T:\America's Next Top Model\Season 6\America's Next Top Model - S06E13 - The Girl Who Walked Through The Ancient City WEBDL-720p-mv.mp4 -> T:\America's Next Top Model\Season 6\America's Next Top Model - S06E13 - The Girl Who Walked Through The Ancient City WEBDL-720p-mv.mp4
WARNING: No English audio stream found among 1 stream(s) (languages: ['und']), using first stream
WARNING: Crash recovery: completed partial replacement for T:\True Blood\Season 3\True Blood - S03E12 - Evil Is Going On Bluray-480p-mv.mp4 -> T:\True Blood\Season 3\True Blood - S03E12 - Evil Is Going On Bluray-480p-mv.mp4
WARNING: Crash recovery: completed partial replacement for T:\Rick and Morty\Season 2\Rick and Morty - S02E10 - The Wedding Squanchers HDTV-720p-mv.mp4 -> T:\Rick and Morty\Season 2\Rick and Morty - S02E10 - The Wedding Squanchers HDTV-720p-mv.mp4
WARNING: No English audio stream found among 1 stream(s) (languages: ['und']), using first stream
WARNING: Crash recovery: completed partial replacement for T:\The Leftovers\Season 3\The Leftovers - S03E03 - Crazy Whitefella Thinking SDTV-mv.mp4 -> T:\The Leftovers\Season 3\The Leftovers - S03E03 - Crazy Whitefella Thinking SDTV-mv.mp4
WARNING: Crash recovery: completed partial replacement for T:\Wentworth\Season 7\Wentworth - S07E03 - Atonement WEBRip-480p-mv.mp4 -> T:\Wentworth\Season 7\Wentworth - S07E03 - Atonement WEBRip-480p-mv.mp4
WARNING: Crash recovery: completed partial replacement for T:\The Graham Norton Show\Season 14\The Graham Norton Show - S14E09 - Episode 9 HDTV-720p-mv.mp4 -> T:\The Graham Norton Show\Season 14\The Graham Norton Show - S14E09 - Episode 9 HDTV-720p-mv.mp4
WARNING: Crash recovery: completed partial replacement for T:\South Park\Season 2\South Park - S02E15 - Spookyfish HDTV-1080p-mv.mp4 -> T:\South Park\Season 2\South Park - S02E15 - Spookyfish HDTV-1080p-mv.mp4
WARNING: Crash recovery: completed partial replacement for T:\The Office (US)\Season 7\The Office (US) - S07E04 - Sex Ed HDTV-720p-mv.mp4 -> T:\The Office (US)\Season 7\The Office (US) - S07E04 - Sex Ed HDTV-720p-mv.mp4
WARNING: Crash recovery: completed partial replacement for T:\Pokémon\Season 4\Pokémon - S04E41 - The Heartbreak of Brock DVD-mv.mp4 -> T:\Pokémon\Season 4\Pokémon - S04E41 - The Heartbreak of Brock DVD-mv.mp4
WARNING: Crash recovery: completed partial replacement for T:\Pantheon\Season 2\Pantheon - S02E06 - Apokalypsis WEBRip-480p-mv.mp4 -> T:\Pantheon\Season 2\Pantheon - S02E06 - Apokalypsis WEBRip-480p-mv.mp4
WARNING: Crash recovery: completed partial replacement for T:\Pantheon\Season 2\Pantheon - S02E03 - Joey Coupet WEBRip-480p-mv.mp4 -> T:\Pantheon\Season 2\Pantheon - S02E03 - Joey Coupet WEBRip-480p-mv.mp4
WARNING: No English audio stream found among 1 stream(s) (languages: ['und']), using first stream
WARNING: Crash recovery: completed partial replacement for T:\Law & Order - Special Victims Unit\Season 26\Law & Order - Special Victims Unit - S26E19 - Play with Fire (2) SDTV-mv.mp4 -> T:\Law & Order - Special Victims Unit\Season 26\Law & Order - Special Victims Unit - S26E19 - Play with Fire (2) SDTV-mv.mp4
WARNING: Crash recovery: completed partial replacement for T:\Pantheon\Season 2\Pantheon - S02E02 - Crack Integrity WEBRip-480p-mv.mp4 -> T:\Pantheon\Season 2\Pantheon - S02E02 - Crack Integrity WEBRip-480p-mv.mp4
WARNING: Crash recovery: completed partial replacement for T:\Pokémon\Season 4\Pokémon - S04E41 - The Heartbreak of Brock DVD-mv.mp4 -> T:\Pokémon\Season 4\Pokémon - S04E41 - The Heartbreak of Brock DVD-mv.mp4
WARNING: No English audio stream found among 1 stream(s) (languages: ['und']), using first stream
WARNING: Crash recovery: completed partial replacement for T:\The Rookie\Season 2\The Rookie - S02E03 - The Bet DVD-mv.mp4 -> T:\The Rookie\Season 2\The Rookie - S02E03 - The Bet DVD-mv.mp4
WARNING: No English audio stream found among 1 stream(s) (languages: ['und']), using first stream
WARNING: Crash recovery: completed partial replacement for T:\Battlestar Galactica (2003)\Season 3\Battlestar Galactica (2003) - S03E09 - Unfinished Business Bluray-480p-mv.mp4 -> T:\Battlestar Galactica (2003)\Season 3\Battlestar Galactica (2003) - S03E09 - Unfinished Business Bluray-480p-mv.mp4
WARNING: Crash recovery: completed partial replacement for T:\Pantheon\Season 2\Pantheon - S02E08 - Deep Time WEBRip-480p-mv.mp4 -> T:\Pantheon\Season 2\Pantheon - S02E08 - Deep Time WEBRip-480p-mv.mp4
WARNING: Crash recovery: completed partial replacement for T:\Pantheon\Season 2\Pantheon - S02E04 - Olivia & Farhad WEBRip-480p-mv.mp4 -> T:\Pantheon\Season 2\Pantheon - S02E04 - Olivia & Farhad WEBRip-480p-mv.mp4
WARNING: Crash recovery: completed partial replacement for T:\Pantheon\Season 2\Pantheon - S02E01 - The Gods Have Not Died in Vain WEBRip-480p-mv.mp4 -> T:\Pantheon\Season 2\Pantheon - S02E01 - The Gods Have Not Died in Vain WEBRip-480p-mv.mp4
WARNING: No English audio stream found among 1 stream(s) (languages: ['fre']), using first stream
EXCEPTION: Exception updating MediaFiles after replacement: duplicate key value violates unique constraint "idx_mediafiles_storageroot_relpath_unique"
DETAIL:  Key (storagerootid, lower(relativepath))=(1, re - zero, starting life in another world/season 3/re - zero, starting life in another world - s03e13 - the warrior's commendation webdl-720p-mv.mp4) already exists.

Traceback (most recent call last):
  File "C:\Code\MediaVortex\Features\FileReplacement\TranscodedOutputPlacement.py", line 431, in _UpdateMediaFilesAfterReplacement
    self.DatabaseManager.SaveMediaFile(media_file)
  File "C:\Code\MediaVortex\Features\MediaFiles\MediaFilesRepository.py", line 196, in SaveMediaFile
    return self._UpdateMediaFile(cursor, connection, MediaFile)
           ^^^^^^^^^^^^^^^^^^^^^^^^^^^^^^^^^^^^^^^^^^^^^^^^^^^^
  File "C:\Code\MediaVortex\Features\MediaFiles\MediaFilesRepository.py", line 203, in _UpdateMediaFile
    cursor.execute(
psycopg2.errors.UniqueViolation: duplicate key value violates unique constraint "idx_mediafiles_storageroot_relpath_unique"
DETAIL:  Key (storagerootid, lower(relativepath))=(1, re - zero, starting life in another world/season 3/re - zero, starting life in another world - s03e13 - the warrior's commendation webdl-720p-mv.mp4) already exists.


ERROR: FinalizePartialReplacement: MediaFiles update failed for T:\Re - ZERO, Starting Life in Another World\Season 3\Re - ZERO, Starting Life in Another World - S03E13 - The Warrior's Commendation WEBDL-720p-mv.mp4. Error: Exception updating MediaFiles: duplicate key value violates unique constraint "idx_mediafiles_storageroot_relpath_unique"
DETAIL:  Key (storagerootid, lower(relativepath))=(1, re - zero, starting life in another world/season 3/re - zero, starting life in another world - s03e13 - the warrior's commendation webdl-720p-mv.mp4) already exists.

WARNING: Crash recovery: completed partial replacement for T:\Rick and Morty\Season 2\Rick and Morty - S02E10 - The Wedding Squanchers HDTV-720p-mv.mp4 -> T:\Rick and Morty\Season 2\Rick and Morty - S02E10 - The Wedding Squanchers HDTV-720p-mv.mp4
WARNING: Crash recovery: completed partial replacement for T:\Sister Wives\Season 11\Sister Wives - S11E07 - Guide to Wedded Bliss WEBDL-480p.26-mv.mp4 -> T:\Sister Wives\Season 11\Sister Wives - S11E07 - Guide to Wedded Bliss WEBDL-480p.26-mv.mp4
WARNING: Crash recovery: completed partial replacement for T:\Rick and Morty\Season 2\Rick and Morty - S02E10 - The Wedding Squanchers HDTV-720p-mv.mp4 -> T:\Rick and Morty\Season 2\Rick and Morty - S02E10 - The Wedding Squanchers HDTV-720p-mv.mp4
WARNING: Crash recovery: completed partial replacement for T:\Wentworth\Season 7\Wentworth - S07E03 - Atonement WEBRip-480p-mv.mp4 -> T:\Wentworth\Season 7\Wentworth - S07E03 - Atonement WEBRip-480p-mv.mp4
WARNING: Crash recovery: completed partial replacement for T:\Survivor\Season 50\Survivor - S50E10 - A Side Dish of Chaos WEBDL-480p-mv.mp4 -> T:\Survivor\Season 50\Survivor - S50E10 - A Side Dish of Chaos WEBDL-480p-mv.mp4
WARNING: Crash recovery: completed partial replacement for T:\Homestead Rescue\Season 13\Homestead Rescue - S13E02 - Arctic Circle S.O.S HDTV-480p-mv.mp4 -> T:\Homestead Rescue\Season 13\Homestead Rescue - S13E02 - Arctic Circle S.O.S HDTV-480p-mv.mp4
WARNING: Crash recovery: completed partial replacement for T:\Saturday Night Live\Season 51\Saturday Night Live - S51E10 - Finn Wolfhard + A$AP Rocky WEBDL-480p-mv.mp4 -> T:\Saturday Night Live\Season 51\Saturday Night Live - S51E10 - Finn Wolfhard + A$AP Rocky WEBDL-480p-mv.mp4
WARNING: No English audio stream found among 1 stream(s) (languages: ['fre']), using first stream
EXCEPTION: Exception updating MediaFiles after replacement: duplicate key value violates unique constraint "idx_mediafiles_storageroot_relpath_unique"
DETAIL:  Key (storagerootid, lower(relativepath))=(1, re - zero, starting life in another world/season 3/re - zero, starting life in another world - s03e13 - the warrior's commendation webdl-720p-mv.mp4) already exists.

Traceback (most recent call last):
  File "C:\Code\MediaVortex\Features\FileReplacement\TranscodedOutputPlacement.py", line 431, in _UpdateMediaFilesAfterReplacement
    self.DatabaseManager.SaveMediaFile(media_file)
  File "C:\Code\MediaVortex\Features\MediaFiles\MediaFilesRepository.py", line 196, in SaveMediaFile
    return self._UpdateMediaFile(cursor, connection, MediaFile)
           ^^^^^^^^^^^^^^^^^^^^^^^^^^^^^^^^^^^^^^^^^^^^^^^^^^^^
  File "C:\Code\MediaVortex\Features\MediaFiles\MediaFilesRepository.py", line 203, in _UpdateMediaFile
    cursor.execute(
psycopg2.errors.UniqueViolation: duplicate key value violates unique constraint "idx_mediafiles_storageroot_relpath_unique"
DETAIL:  Key (storagerootid, lower(relativepath))=(1, re - zero, starting life in another world/season 3/re - zero, starting life in another world - s03e13 - the warrior's commendation webdl-720p-mv.mp4) already exists.


ERROR: FinalizePartialReplacement: MediaFiles update failed for T:\Re - ZERO, Starting Life in Another World\Season 3\Re - ZERO, Starting Life in Another World - S03E13 - The Warrior's Commendation WEBDL-720p-mv.mp4. Error: Exception updating MediaFiles: duplicate key value violates unique constraint "idx_mediafiles_storageroot_relpath_unique"
DETAIL:  Key (storagerootid, lower(relativepath))=(1, re - zero, starting life in another world/season 3/re - zero, starting life in another world - s03e13 - the warrior's commendation webdl-720p-mv.mp4) already exists.

WARNING: Crash recovery: completed partial replacement for T:\Rick and Morty\Season 2\Rick and Morty - S02E10 - The Wedding Squanchers HDTV-720p-mv.mp4 -> T:\Rick and Morty\Season 2\Rick and Morty - S02E10 - The Wedding Squanchers HDTV-720p-mv.mp4
WARNING: Crash recovery: completed partial replacement for T:\The Office (US)\Season 7\The Office (US) - S07E04 - Sex Ed HDTV-720p-mv.mp4 -> T:\The Office (US)\Season 7\The Office (US) - S07E04 - Sex Ed HDTV-720p-mv.mp4
WARNING: Crash recovery: completed partial replacement for T:\Wentworth\Season 7\Wentworth - S07E03 - Atonement WEBRip-480p-mv.mp4 -> T:\Wentworth\Season 7\Wentworth - S07E03 - Atonement WEBRip-480p-mv.mp4
WARNING: Crash recovery: completed partial replacement for T:\Pokémon\Season 4\Pokémon - S04E41 - The Heartbreak of Brock DVD-mv.mp4 -> T:\Pokémon\Season 4\Pokémon - S04E41 - The Heartbreak of Brock DVD-mv.mp4
WARNING: Crash recovery: completed partial replacement for T:\Wentworth\Season 7\Wentworth - S07E03 - Atonement WEBRip-480p-mv.mp4 -> T:\Wentworth\Season 7\Wentworth - S07E03 - Atonement WEBRip-480p-mv.mp4
WARNING: Crash recovery: completed partial replacement for T:\The Resident\Season 6\The Resident - S06E04 - It Won't Be Like This for Long WEBRip-720p-mv.mp4 -> T:\The Resident\Season 6\The Resident - S06E04 - It Won't Be Like This for Long WEBRip-720p-mv.mp4
WARNING: Crash recovery: completed partial replacement for T:\Phineas and Ferb\Season 2\Phineas and Ferb - S02E14 - De Plane! De Plane! WEBDL-720p-mv.mp4 -> T:\Phineas and Ferb\Season 2\Phineas and Ferb - S02E14 - De Plane! De Plane! WEBDL-720p-mv.mp4
WARNING: Crash recovery: completed partial replacement for T:\You\Season 2\You - S02E09 - P.I. Joe WEBRip-720p-mv.mp4 -> T:\You\Season 2\You - S02E09 - P.I. Joe WEBRip-720p-mv.mp4
WARNING: No English audio stream found among 1 stream(s) (languages: ['fre']), using first stream
EXCEPTION: Exception updating MediaFiles after replacement: duplicate key value violates unique constraint "idx_mediafiles_storageroot_relpath_unique"
DETAIL:  Key (storagerootid, lower(relativepath))=(1, re - zero, starting life in another world/season 3/re - zero, starting life in another world - s03e13 - the warrior's commendation webdl-720p-mv.mp4) already exists.

Traceback (most recent call last):
  File "C:\Code\MediaVortex\Features\FileReplacement\TranscodedOutputPlacement.py", line 431, in _UpdateMediaFilesAfterReplacement
    self.DatabaseManager.SaveMediaFile(media_file)
  File "C:\Code\MediaVortex\Features\MediaFiles\MediaFilesRepository.py", line 196, in SaveMediaFile
    return self._UpdateMediaFile(cursor, connection, MediaFile)
           ^^^^^^^^^^^^^^^^^^^^^^^^^^^^^^^^^^^^^^^^^^^^^^^^^^^^
  File "C:\Code\MediaVortex\Features\MediaFiles\MediaFilesRepository.py", line 203, in _UpdateMediaFile
    cursor.execute(
psycopg2.errors.UniqueViolation: duplicate key value violates unique constraint "idx_mediafiles_storageroot_relpath_unique"
DETAIL:  Key (storagerootid, lower(relativepath))=(1, re - zero, starting life in another world/season 3/re - zero, starting life in another world - s03e13 - the warrior's commendation webdl-720p-mv.mp4) already exists.


ERROR: FinalizePartialReplacement: MediaFiles update failed for T:\Re - ZERO, Starting Life in Another World\Season 3\Re - ZERO, Starting Life in Another World - S03E13 - The Warrior's Commendation WEBDL-720p-mv.mp4. Error: Exception updating MediaFiles: duplicate key value violates unique constraint "idx_mediafiles_storageroot_relpath_unique"
DETAIL:  Key (storagerootid, lower(relativepath))=(1, re - zero, starting life in another world/season 3/re - zero, starting life in another world - s03e13 - the warrior's commendation webdl-720p-mv.mp4) already exists.

WARNING: Crash recovery: completed partial replacement for T:\Homestead Rescue\Season 14\Homestead Rescue - S14E04 - Raney Returns - Revenge of the Treehouse of Horror WEBDL-480p-mv.mp4 -> T:\Homestead Rescue\Season 14\Homestead Rescue - S14E04 - Raney Returns - Revenge of the Treehouse of Horror WEBDL-480p-mv.mp4
WARNING: Crash recovery: completed partial replacement for T:\Law & Order - Special Victims Unit\Season 24\Law & Order - Special Victims Unit - S24E16 - The Presence of Absence WEBDL-720p-mv.mp4 -> T:\Law & Order - Special Victims Unit\Season 24\Law & Order - Special Victims Unit - S24E16 - The Presence of Absence WEBDL-720p-mv.mp4
WARNING: Crash recovery: completed partial replacement for T:\Fullmetal Alchemist\Season 1\Fullmetal Alchemist - S01E33 - Al, Captured Bluray-480p-mv.mp4 -> T:\Fullmetal Alchemist\Season 1\Fullmetal Alchemist - S01E33 - Al, Captured Bluray-480p-mv.mp4
WARNING: Crash recovery: completed partial replacement for T:\Love Island USA\Season 8\Love Island USA - S08E01 - Episode 1 WEBDL-480p-mv.mp4 -> T:\Love Island USA\Season 8\Love Island USA - S08E01 - Episode 1 WEBDL-480p-mv.mp4
WARNING: No English audio stream found among 1 stream(s) (languages: ['fre']), using first stream
EXCEPTION: Exception updating MediaFiles after replacement: duplicate key value violates unique constraint "idx_mediafiles_storageroot_relpath_unique"
DETAIL:  Key (storagerootid, lower(relativepath))=(1, re - zero, starting life in another world/season 3/re - zero, starting life in another world - s03e13 - the warrior's commendation webdl-720p-mv.mp4) already exists.

Traceback (most recent call last):
  File "C:\Code\MediaVortex\Features\FileReplacement\TranscodedOutputPlacement.py", line 431, in _UpdateMediaFilesAfterReplacement
    self.DatabaseManager.SaveMediaFile(media_file)
  File "C:\Code\MediaVortex\Features\MediaFiles\MediaFilesRepository.py", line 196, in SaveMediaFile
    return self._UpdateMediaFile(cursor, connection, MediaFile)
           ^^^^^^^^^^^^^^^^^^^^^^^^^^^^^^^^^^^^^^^^^^^^^^^^^^^^
  File "C:\Code\MediaVortex\Features\MediaFiles\MediaFilesRepository.py", line 203, in _UpdateMediaFile
    cursor.execute(
psycopg2.errors.UniqueViolation: duplicate key value violates unique constraint "idx_mediafiles_storageroot_relpath_unique"
DETAIL:  Key (storagerootid, lower(relativepath))=(1, re - zero, starting life in another world/season 3/re - zero, starting life in another world - s03e13 - the warrior's commendation webdl-720p-mv.mp4) already exists.


ERROR: FinalizePartialReplacement: MediaFiles update failed for T:\Re - ZERO, Starting Life in Another World\Season 3\Re - ZERO, Starting Life in Another World - S03E13 - The Warrior's Commendation WEBDL-720p-mv.mp4. Error: Exception updating MediaFiles: duplicate key value violates unique constraint "idx_mediafiles_storageroot_relpath_unique"
DETAIL:  Key (storagerootid, lower(relativepath))=(1, re - zero, starting life in another world/season 3/re - zero, starting life in another world - s03e13 - the warrior's commendation webdl-720p-mv.mp4) already exists.

WARNING: Crash recovery: completed partial replacement for T:\Project Runway\Season 1\Project Runway - S01E11 - Fashion Week WEBDL-480p-mv.mp4 -> T:\Project Runway\Season 1\Project Runway - S01E11 - Fashion Week WEBDL-480p-mv.mp4
WARNING: Crash recovery: completed partial replacement for T:\Phineas and Ferb\Season 2\Phineas and Ferb - S02E14 - De Plane! De Plane! WEBDL-720p-mv.mp4 -> T:\Phineas and Ferb\Season 2\Phineas and Ferb - S02E14 - De Plane! De Plane! WEBDL-720p-mv.mp4
WARNING: Crash recovery: completed partial replacement for T:\The Office (US)\Season 7\The Office (US) - S07E04 - Sex Ed HDTV-720p-mv.mp4 -> T:\The Office (US)\Season 7\The Office (US) - S07E04 - Sex Ed HDTV-720p-mv.mp4
WARNING: Crash recovery: completed partial replacement for T:\Pokémon\Season 4\Pokémon - S04E41 - The Heartbreak of Brock DVD-mv.mp4 -> T:\Pokémon\Season 4\Pokémon - S04E41 - The Heartbreak of Brock DVD-mv.mp4
WARNING: Crash recovery: completed partial replacement for T:\Fullmetal Alchemist\Season 1\Fullmetal Alchemist - S01E33 - Al, Captured Bluray-480p-mv.mp4 -> T:\Fullmetal Alchemist\Season 1\Fullmetal Alchemist - S01E33 - Al, Captured Bluray-480p-mv.mp4
WARNING: No English audio stream found among 1 stream(s) (languages: ['fre']), using first stream
EXCEPTION: Exception updating MediaFiles after replacement: duplicate key value violates unique constraint "idx_mediafiles_storageroot_relpath_unique"
DETAIL:  Key (storagerootid, lower(relativepath))=(1, re - zero, starting life in another world/season 3/re - zero, starting life in another world - s03e13 - the warrior's commendation webdl-720p-mv.mp4) already exists.

Traceback (most recent call last):
  File "C:\Code\MediaVortex\Features\FileReplacement\TranscodedOutputPlacement.py", line 431, in _UpdateMediaFilesAfterReplacement
    self.DatabaseManager.SaveMediaFile(media_file)
  File "C:\Code\MediaVortex\Features\MediaFiles\MediaFilesRepository.py", line 196, in SaveMediaFile
    return self._UpdateMediaFile(cursor, connection, MediaFile)
           ^^^^^^^^^^^^^^^^^^^^^^^^^^^^^^^^^^^^^^^^^^^^^^^^^^^^
  File "C:\Code\MediaVortex\Features\MediaFiles\MediaFilesRepository.py", line 203, in _UpdateMediaFile
    cursor.execute(
psycopg2.errors.UniqueViolation: duplicate key value violates unique constraint "idx_mediafiles_storageroot_relpath_unique"
DETAIL:  Key (storagerootid, lower(relativepath))=(1, re - zero, starting life in another world/season 3/re - zero, starting life in another world - s03e13 - the warrior's commendation webdl-720p-mv.mp4) already exists.


ERROR: FinalizePartialReplacement: MediaFiles update failed for T:\Re - ZERO, Starting Life in Another World\Season 3\Re - ZERO, Starting Life in Another World - S03E13 - The Warrior's Commendation WEBDL-720p-mv.mp4. Error: Exception updating MediaFiles: duplicate key value violates unique constraint "idx_mediafiles_storageroot_relpath_unique"
DETAIL:  Key (storagerootid, lower(relativepath))=(1, re - zero, starting life in another world/season 3/re - zero, starting life in another world - s03e13 - the warrior's commendation webdl-720p-mv.mp4) already exists.

WARNING: Crash recovery: completed partial replacement for T:\Saturday Night Live\Season 51\Saturday Night Live - S51E17 - Colman Domingo + Anitta WEBDL-480p-mv.mp4 -> T:\Saturday Night Live\Season 51\Saturday Night Live - S51E17 - Colman Domingo + Anitta WEBDL-480p-mv.mp4
WARNING: Crash recovery: completed partial replacement for T:\Saturday Night Live\Season 51\Saturday Night Live - S51E18 - Olivia Rodrigo WEBDL-480p-mv.mp4 -> T:\Saturday Night Live\Season 51\Saturday Night Live - S51E18 - Olivia Rodrigo WEBDL-480p-mv.mp4
WARNING: Crash recovery: completed partial replacement for T:\The White Lotus\Season 3\The White Lotus - S03E02 - Special Treatments WEBDL-480p-mv.mp4 -> T:\The White Lotus\Season 3\The White Lotus - S03E02 - Special Treatments WEBDL-480p-mv.mp4
WARNING: No English audio stream found among 1 stream(s) (languages: ['fre']), using first stream
EXCEPTION: Exception updating MediaFiles after replacement: duplicate key value violates unique constraint "idx_mediafiles_storageroot_relpath_unique"
DETAIL:  Key (storagerootid, lower(relativepath))=(1, re - zero, starting life in another world/season 3/re - zero, starting life in another world - s03e13 - the warrior's commendation webdl-720p-mv.mp4) already exists.

Traceback (most recent call last):
  File "C:\Code\MediaVortex\Features\FileReplacement\TranscodedOutputPlacement.py", line 431, in _UpdateMediaFilesAfterReplacement
    self.DatabaseManager.SaveMediaFile(media_file)
  File "C:\Code\MediaVortex\Features\MediaFiles\MediaFilesRepository.py", line 196, in SaveMediaFile
    return self._UpdateMediaFile(cursor, connection, MediaFile)
           ^^^^^^^^^^^^^^^^^^^^^^^^^^^^^^^^^^^^^^^^^^^^^^^^^^^^
  File "C:\Code\MediaVortex\Features\MediaFiles\MediaFilesRepository.py", line 203, in _UpdateMediaFile
    cursor.execute(
psycopg2.errors.UniqueViolation: duplicate key value violates unique constraint "idx_mediafiles_storageroot_relpath_unique"
DETAIL:  Key (storagerootid, lower(relativepath))=(1, re - zero, starting life in another world/season 3/re - zero, starting life in another world - s03e13 - the warrior's commendation webdl-720p-mv.mp4) already exists.


ERROR: FinalizePartialReplacement: MediaFiles update failed for T:\Re - ZERO, Starting Life in Another World\Season 3\Re - ZERO, Starting Life in Another World - S03E13 - The Warrior's Commendation WEBDL-720p-mv.mp4. Error: Exception updating MediaFiles: duplicate key value violates unique constraint "idx_mediafiles_storageroot_relpath_unique"
DETAIL:  Key (storagerootid, lower(relativepath))=(1, re - zero, starting life in another world/season 3/re - zero, starting life in another world - s03e13 - the warrior's commendation webdl-720p-mv.mp4) already exists.

WARNING: Crash recovery: completed partial replacement for T:\One Piece\Season 13\One Piece - S13E12 - The Target is Caimie!! The Kidnappers` Evil Draws Near SDTV-mv.mp4 -> T:\One Piece\Season 13\One Piece - S13E12 - The Target is Caimie!! The Kidnappers` Evil Draws Near SDTV-mv.mp4
WARNING: Crash recovery: completed partial replacement for T:\You\Season 2\You - S02E09 - P.I. Joe WEBRip-720p-mv.mp4 -> T:\You\Season 2\You - S02E09 - P.I. Joe WEBRip-720p-mv.mp4
WARNING: Crash recovery: completed partial replacement for T:\You\Season 2\You - S02E09 - P.I. Joe WEBRip-720p-mv.mp4 -> T:\You\Season 2\You - S02E09 - P.I. Joe WEBRip-720p-mv.mp4
WARNING: Crash recovery: completed partial replacement for T:\You\Season 2\You - S02E09 - P.I. Joe WEBRip-720p-mv.mp4 -> T:\You\Season 2\You - S02E09 - P.I. Joe WEBRip-720p-mv.mp4
WARNING: Crash recovery: completed partial replacement for T:\You\Season 2\You - S02E09 - P.I. Joe WEBRip-720p-mv.mp4 -> T:\You\Season 2\You - S02E09 - P.I. Joe WEBRip-720p-mv.mp4
WARNING: Crash recovery: completed partial replacement for T:\You\Season 2\You - S02E09 - P.I. Joe WEBRip-720p-mv.mp4 -> T:\You\Season 2\You - S02E09 - P.I. Joe WEBRip-720p-mv.mp4
WARNING: Crash recovery: completed partial replacement for T:\You\Season 2\You - S02E09 - P.I. Joe WEBRip-720p-mv.mp4 -> T:\You\Season 2\You - S02E09 - P.I. Joe WEBRip-720p-mv.mp4
WARNING: Crash recovery: completed partial replacement for T:\You\Season 2\You - S02E09 - P.I. Joe WEBRip-720p-mv.mp4 -> T:\You\Season 2\You - S02E09 - P.I. Joe WEBRip-720p-mv.mp4
WARNING: Crash recovery: completed partial replacement for T:\You\Season 2\You - S02E09 - P.I. Joe WEBRip-720p-mv.mp4 -> T:\You\Season 2\You - S02E09 - P.I. Joe WEBRip-720p-mv.mp4
EXCEPTION: Exception updating MediaFiles after replacement: duplicate key value violates unique constraint "idx_mediafiles_storageroot_relpath_unique"
DETAIL:  Key (storagerootid, lower(relativepath))=(1, pokémon/season 18/pokémon - s18e60 - getting a jump on the competition! bluray-480p-mv.mp4) already exists.

Traceback (most recent call last):
  File "C:\Code\MediaVortex\Features\FileReplacement\TranscodedOutputPlacement.py", line 431, in _UpdateMediaFilesAfterReplacement
    self.DatabaseManager.SaveMediaFile(media_file)
  File "C:\Code\MediaVortex\Features\MediaFiles\MediaFilesRepository.py", line 196, in SaveMediaFile
    return self._UpdateMediaFile(cursor, connection, MediaFile)
           ^^^^^^^^^^^^^^^^^^^^^^^^^^^^^^^^^^^^^^^^^^^^^^^^^^^^
  File "C:\Code\MediaVortex\Features\MediaFiles\MediaFilesRepository.py", line 203, in _UpdateMediaFile
    cursor.execute(
psycopg2.errors.UniqueViolation: duplicate key value violates unique constraint "idx_mediafiles_storageroot_relpath_unique"
DETAIL:  Key (storagerootid, lower(relativepath))=(1, pokémon/season 18/pokémon - s18e60 - getting a jump on the competition! bluray-480p-mv.mp4) already exists.


ERROR: FinalizePartialReplacement: MediaFiles update failed for T:\Pokémon\Season 18\Pokémon - S18E60 - Getting a Jump on the Competition! Bluray-480p-mv.mp4. Error: Exception updating MediaFiles: duplicate key value violates unique constraint "idx_mediafiles_storageroot_relpath_unique"
DETAIL:  Key (storagerootid, lower(relativepath))=(1, pokémon/season 18/pokémon - s18e60 - getting a jump on the competition! bluray-480p-mv.mp4) already exists.

WARNING: Crash recovery: completed partial replacement for T:\You\Season 2\You - S02E09 - P.I. Joe WEBRip-720p-mv.mp4 -> T:\You\Season 2\You - S02E09 - P.I. Joe WEBRip-720p-mv.mp4
EXCEPTION: Exception updating MediaFiles after replacement: duplicate key value violates unique constraint "idx_mediafiles_storageroot_relpath_unique"
DETAIL:  Key (storagerootid, lower(relativepath))=(1, pokémon/season 18/pokémon - s18e60 - getting a jump on the competition! bluray-480p-mv.mp4) already exists.

Traceback (most recent call last):
  File "C:\Code\MediaVortex\Features\FileReplacement\TranscodedOutputPlacement.py", line 431, in _UpdateMediaFilesAfterReplacement
    self.DatabaseManager.SaveMediaFile(media_file)
  File "C:\Code\MediaVortex\Features\MediaFiles\MediaFilesRepository.py", line 196, in SaveMediaFile
    return self._UpdateMediaFile(cursor, connection, MediaFile)
           ^^^^^^^^^^^^^^^^^^^^^^^^^^^^^^^^^^^^^^^^^^^^^^^^^^^^
  File "C:\Code\MediaVortex\Features\MediaFiles\MediaFilesRepository.py", line 203, in _UpdateMediaFile
    cursor.execute(
psycopg2.errors.UniqueViolation: duplicate key value violates unique constraint "idx_mediafiles_storageroot_relpath_unique"
DETAIL:  Key (storagerootid, lower(relativepath))=(1, pokémon/season 18/pokémon - s18e60 - getting a jump on the competition! bluray-480p-mv.mp4) already exists.


ERROR: FinalizePartialReplacement: MediaFiles update failed for T:\Pokémon\Season 18\Pokémon - S18E60 - Getting a Jump on the Competition! Bluray-480p-mv.mp4. Error: Exception updating MediaFiles: duplicate key value violates unique constraint "idx_mediafiles_storageroot_relpath_unique"
DETAIL:  Key (storagerootid, lower(relativepath))=(1, pokémon/season 18/pokémon - s18e60 - getting a jump on the competition! bluray-480p-mv.mp4) already exists.

WARNING: Crash recovery: deleted orphaned .inprogress file T:\Criminal Minds\Season 13\Criminal Minds - S13E01 - Wheels Up WEBRip-480p Proper-mv.mp4.inprogress
WARNING: Crash recovery: swept local-staging orphan C:\MediaVortex\620351 for MediaFileId=620351
EXCEPTION: ExecuteNonQuery failed. Query: UPDATE ActiveJobs SET Phase = %s, PhaseTransitionedAt = NOW(), UpdatedAt = NOW() WHERE Id = %s, Parameters: ('PreEncode', 72233), ParamCount: 2: new row for relation "activejobs" violates check constraint "activejobs_phase_enum"
DETAIL:  Failing row contains (72233, TranscodeService, Transcode, 146670, 31976, 61916, 2026-07-15 19:53:53.366119, Running, 2026-07-15 19:53:53.366119, 2026-07-15 19:53:53.404265, I9-2024, null, PreEncode, 2026-07-15 19:53:53.404265).

Traceback (most recent call last):
  File "C:\Code\MediaVortex\Core\Database\DatabaseService.py", line 228, in ExecuteNonQuery
    cursor.execute(query, parameters)
psycopg2.errors.CheckViolation: new row for relation "activejobs" violates check constraint "activejobs_phase_enum"
DETAIL:  Failing row contains (72233, TranscodeService, Transcode, 146670, 31976, 61916, 2026-07-15 19:53:53.366119, Running, 2026-07-15 19:53:53.366119, 2026-07-15 19:53:53.404265, I9-2024, null, PreEncode, 2026-07-15 19:53:53.404265).


EXCEPTION: SetJobPhase(72233, JobPhase.PreEncode) failed: new row for relation "activejobs" violates check constraint "activejobs_phase_enum"
DETAIL:  Failing row contains (72233, TranscodeService, Transcode, 146670, 31976, 61916, 2026-07-15 19:53:53.366119, Running, 2026-07-15 19:53:53.366119, 2026-07-15 19:53:53.404265, I9-2024, null, PreEncode, 2026-07-15 19:53:53.404265).

Traceback (most recent call last):
  File "C:\Code\MediaVortex\Features\ServiceControl\ActiveJobRepository.py", line 29, in SetJobPhase
    Affected = self.DatabaseService.ExecuteNonQuery(Query, (Phase.value, ActiveJobId))
               ^^^^^^^^^^^^^^^^^^^^^^^^^^^^^^^^^^^^^^^^^^^^^^^^^^^^^^^^^^^^^^^^^^^^^^^
  File "C:\Code\MediaVortex\Core\Database\DatabaseService.py", line 228, in ExecuteNonQuery
    cursor.execute(query, parameters)
psycopg2.errors.CheckViolation: new row for relation "activejobs" violates check constraint "activejobs_phase_enum"
DETAIL:  Failing row contains (72233, TranscodeService, Transcode, 146670, 31976, 61916, 2026-07-15 19:53:53.366119, Running, 2026-07-15 19:53:53.366119, 2026-07-15 19:53:53.404265, I9-2024, null, PreEncode, 2026-07-15 19:53:53.404265).


EXCEPTION: PreEncodeAudioPipeline failed for T:\Criminal Minds\Season 13\Criminal Minds - S13E01 - Wheels Up WEBRip-480p Proper.mp4 (job 146670); Dialog Boost track will be skipped: 'DemucsVocalIsolationService' object has no attribute 'Device'
Traceback (most recent call last):
  File "C:\Code\MediaVortex\Features\AudioNormalization\Services\PreEncodeAudioPipeline.py", line 39, in Run
    self._Report('demucs.isolate', 0.0, f'Isolating vocals ({self.DemucsService.ModelName} on {self.DemucsService.Device})')
                                                                                               ^^^^^^^^^^^^^^^^^^^^^^^^^
AttributeError: 'DemucsVocalIsolationService' object has no attribute 'Device'

EXCEPTION: ExecuteNonQuery failed. Query: UPDATE ActiveJobs SET Phase = %s, PhaseTransitionedAt = NOW(), UpdatedAt = NOW() WHERE Id = %s, Parameters: ('PreEncode', 72234), ParamCount: 2: new row for relation "activejobs" violates check constraint "activejobs_phase_enum"
DETAIL:  Failing row contains (72234, TranscodeService, Transcode, 146686, 31976, 44676, 2026-07-15 19:55:29.329215, Running, 2026-07-15 19:55:29.329215, 2026-07-15 19:55:29.369731, I9-2024, null, PreEncode, 2026-07-15 19:55:29.369731).

Traceback (most recent call last):
  File "C:\Code\MediaVortex\Core\Database\DatabaseService.py", line 228, in ExecuteNonQuery
    cursor.execute(query, parameters)
psycopg2.errors.CheckViolation: new row for relation "activejobs" violates check constraint "activejobs_phase_enum"
DETAIL:  Failing row contains (72234, TranscodeService, Transcode, 146686, 31976, 44676, 2026-07-15 19:55:29.329215, Running, 2026-07-15 19:55:29.329215, 2026-07-15 19:55:29.369731, I9-2024, null, PreEncode, 2026-07-15 19:55:29.369731).


EXCEPTION: SetJobPhase(72234, JobPhase.PreEncode) failed: new row for relation "activejobs" violates check constraint "activejobs_phase_enum"
DETAIL:  Failing row contains (72234, TranscodeService, Transcode, 146686, 31976, 44676, 2026-07-15 19:55:29.329215, Running, 2026-07-15 19:55:29.329215, 2026-07-15 19:55:29.369731, I9-2024, null, PreEncode, 2026-07-15 19:55:29.369731).

Traceback (most recent call last):
  File "C:\Code\MediaVortex\Features\ServiceControl\ActiveJobRepository.py", line 29, in SetJobPhase
    Affected = self.DatabaseService.ExecuteNonQuery(Query, (Phase.value, ActiveJobId))
               ^^^^^^^^^^^^^^^^^^^^^^^^^^^^^^^^^^^^^^^^^^^^^^^^^^^^^^^^^^^^^^^^^^^^^^^
  File "C:\Code\MediaVortex\Core\Database\DatabaseService.py", line 228, in ExecuteNonQuery
    cursor.execute(query, parameters)
psycopg2.errors.CheckViolation: new row for relation "activejobs" violates check constraint "activejobs_phase_enum"
DETAIL:  Failing row contains (72234, TranscodeService, Transcode, 146686, 31976, 44676, 2026-07-15 19:55:29.329215, Running, 2026-07-15 19:55:29.329215, 2026-07-15 19:55:29.369731, I9-2024, null, PreEncode, 2026-07-15 19:55:29.369731).


EXCEPTION: PreEncodeAudioPipeline failed for T:\Criminal Minds\Season 13\Criminal Minds - S13E02 - To a Better Place WEBRip-480p.mp4 (job 146686); Dialog Boost track will be skipped: 'DemucsVocalIsolationService' object has no attribute 'Device'
Traceback (most recent call last):
  File "C:\Code\MediaVortex\Features\AudioNormalization\Services\PreEncodeAudioPipeline.py", line 39, in Run
    self._Report('demucs.isolate', 0.0, f'Isolating vocals ({self.DemucsService.ModelName} on {self.DemucsService.Device})')
                                                                                               ^^^^^^^^^^^^^^^^^^^^^^^^^
AttributeError: 'DemucsVocalIsolationService' object has no attribute 'Device'

EXCEPTION: ExecuteNonQuery failed. Query: UPDATE ActiveJobs SET Phase = %s, PhaseTransitionedAt = NOW(), UpdatedAt = NOW() WHERE Id = %s, Parameters: ('PreEncode', 72235), ParamCount: 2: new row for relation "activejobs" violates check constraint "activejobs_phase_enum"
DETAIL:  Failing row contains (72235, TranscodeService, Transcode, 146692, 31976, 74652, 2026-07-15 19:57:07.361153, Running, 2026-07-15 19:57:07.361153, 2026-07-15 19:57:07.386883, I9-2024, null, PreEncode, 2026-07-15 19:57:07.386883).

Traceback (most recent call last):
  File "C:\Code\MediaVortex\Core\Database\DatabaseService.py", line 228, in ExecuteNonQuery
    cursor.execute(query, parameters)
psycopg2.errors.CheckViolation: new row for relation "activejobs" violates check constraint "activejobs_phase_enum"
DETAIL:  Failing row contains (72235, TranscodeService, Transcode, 146692, 31976, 74652, 2026-07-15 19:57:07.361153, Running, 2026-07-15 19:57:07.361153, 2026-07-15 19:57:07.386883, I9-2024, null, PreEncode, 2026-07-15 19:57:07.386883).


EXCEPTION: SetJobPhase(72235, JobPhase.PreEncode) failed: new row for relation "activejobs" violates check constraint "activejobs_phase_enum"
DETAIL:  Failing row contains (72235, TranscodeService, Transcode, 146692, 31976, 74652, 2026-07-15 19:57:07.361153, Running, 2026-07-15 19:57:07.361153, 2026-07-15 19:57:07.386883, I9-2024, null, PreEncode, 2026-07-15 19:57:07.386883).

Traceback (most recent call last):
  File "C:\Code\MediaVortex\Features\ServiceControl\ActiveJobRepository.py", line 29, in SetJobPhase
    Affected = self.DatabaseService.ExecuteNonQuery(Query, (Phase.value, ActiveJobId))
               ^^^^^^^^^^^^^^^^^^^^^^^^^^^^^^^^^^^^^^^^^^^^^^^^^^^^^^^^^^^^^^^^^^^^^^^
  File "C:\Code\MediaVortex\Core\Database\DatabaseService.py", line 228, in ExecuteNonQuery
    cursor.execute(query, parameters)
psycopg2.errors.CheckViolation: new row for relation "activejobs" violates check constraint "activejobs_phase_enum"
DETAIL:  Failing row contains (72235, TranscodeService, Transcode, 146692, 31976, 74652, 2026-07-15 19:57:07.361153, Running, 2026-07-15 19:57:07.361153, 2026-07-15 19:57:07.386883, I9-2024, null, PreEncode, 2026-07-15 19:57:07.386883).


EXCEPTION: PreEncodeAudioPipeline failed for T:\Criminal Minds\Season 16\Criminal Minds - S16E07 - What Doesn’t Kill Us HDTV-720p.mkv (job 146692); Dialog Boost track will be skipped: 'DemucsVocalIsolationService' object has no attribute 'Device'
Traceback (most recent call last):
  File "C:\Code\MediaVortex\Features\AudioNormalization\Services\PreEncodeAudioPipeline.py", line 39, in Run
    self._Report('demucs.isolate', 0.0, f'Isolating vocals ({self.DemucsService.ModelName} on {self.DemucsService.Device})')
                                                                                               ^^^^^^^^^^^^^^^^^^^^^^^^^
AttributeError: 'DemucsVocalIsolationService' object has no attribute 'Device'

EXCEPTION: ExecuteNonQuery failed. Query: UPDATE ActiveJobs SET Phase = %s, PhaseTransitionedAt = NOW(), UpdatedAt = NOW() WHERE Id = %s, Parameters: ('PreEncode', 72241), ParamCount: 2: new row for relation "activejobs" violates check constraint "activejobs_phase_enum"
DETAIL:  Failing row contains (72241, TranscodeService, Transcode, 146688, 31976, 53684, 2026-07-15 20:07:01.50215, Running, 2026-07-15 20:07:01.50215, 2026-07-15 20:07:01.529089, I9-2024, null, PreEncode, 2026-07-15 20:07:01.529089).

Traceback (most recent call last):
  File "C:\Code\MediaVortex\Core\Database\DatabaseService.py", line 228, in ExecuteNonQuery
    cursor.execute(query, parameters)
psycopg2.errors.CheckViolation: new row for relation "activejobs" violates check constraint "activejobs_phase_enum"
DETAIL:  Failing row contains (72241, TranscodeService, Transcode, 146688, 31976, 53684, 2026-07-15 20:07:01.50215, Running, 2026-07-15 20:07:01.50215, 2026-07-15 20:07:01.529089, I9-2024, null, PreEncode, 2026-07-15 20:07:01.529089).


EXCEPTION: SetJobPhase(72241, JobPhase.PreEncode) failed: new row for relation "activejobs" violates check constraint "activejobs_phase_enum"
DETAIL:  Failing row contains (72241, TranscodeService, Transcode, 146688, 31976, 53684, 2026-07-15 20:07:01.50215, Running, 2026-07-15 20:07:01.50215, 2026-07-15 20:07:01.529089, I9-2024, null, PreEncode, 2026-07-15 20:07:01.529089).

Traceback (most recent call last):
  File "C:\Code\MediaVortex\Features\ServiceControl\ActiveJobRepository.py", line 29, in SetJobPhase
    Affected = self.DatabaseService.ExecuteNonQuery(Query, (Phase.value, ActiveJobId))
               ^^^^^^^^^^^^^^^^^^^^^^^^^^^^^^^^^^^^^^^^^^^^^^^^^^^^^^^^^^^^^^^^^^^^^^^
  File "C:\Code\MediaVortex\Core\Database\DatabaseService.py", line 228, in ExecuteNonQuery
    cursor.execute(query, parameters)
psycopg2.errors.CheckViolation: new row for relation "activejobs" violates check constraint "activejobs_phase_enum"
DETAIL:  Failing row contains (72241, TranscodeService, Transcode, 146688, 31976, 53684, 2026-07-15 20:07:01.50215, Running, 2026-07-15 20:07:01.50215, 2026-07-15 20:07:01.529089, I9-2024, null, PreEncode, 2026-07-15 20:07:01.529089).


EXCEPTION: PreEncodeAudioPipeline failed for T:\Criminal Minds\Season 16\Criminal Minds - S16E08 - Forget Me Knots HDTV-720p.mkv (job 146688); Dialog Boost track will be skipped: 'DemucsVocalIsolationService' object has no attribute 'Device'
Traceback (most recent call last):
  File "C:\Code\MediaVortex\Features\AudioNormalization\Services\PreEncodeAudioPipeline.py", line 39, in Run
    self._Report('demucs.isolate', 0.0, f'Isolating vocals ({self.DemucsService.ModelName} on {self.DemucsService.Device})')
                                                                                               ^^^^^^^^^^^^^^^^^^^^^^^^^
AttributeError: 'DemucsVocalIsolationService' object has no attribute 'Device'

EXCEPTION: ExecuteNonQuery failed. Query: UPDATE ActiveJobs SET Phase = %s, PhaseTransitionedAt = NOW(), UpdatedAt = NOW() WHERE Id = %s, Parameters: ('PreEncode', 72245), ParamCount: 2: new row for relation "activejobs" violates check constraint "activejobs_phase_enum"
DETAIL:  Failing row contains (72245, TranscodeService, Transcode, 146658, 31976, 71284, 2026-07-15 20:12:59.583329, Running, 2026-07-15 20:12:59.583329, 2026-07-15 20:12:59.605075, I9-2024, null, PreEncode, 2026-07-15 20:12:59.605075).

Traceback (most recent call last):
  File "C:\Code\MediaVortex\Core\Database\DatabaseService.py", line 228, in ExecuteNonQuery
    cursor.execute(query, parameters)
psycopg2.errors.CheckViolation: new row for relation "activejobs" violates check constraint "activejobs_phase_enum"
DETAIL:  Failing row contains (72245, TranscodeService, Transcode, 146658, 31976, 71284, 2026-07-15 20:12:59.583329, Running, 2026-07-15 20:12:59.583329, 2026-07-15 20:12:59.605075, I9-2024, null, PreEncode, 2026-07-15 20:12:59.605075).


EXCEPTION: SetJobPhase(72245, JobPhase.PreEncode) failed: new row for relation "activejobs" violates check constraint "activejobs_phase_enum"
DETAIL:  Failing row contains (72245, TranscodeService, Transcode, 146658, 31976, 71284, 2026-07-15 20:12:59.583329, Running, 2026-07-15 20:12:59.583329, 2026-07-15 20:12:59.605075, I9-2024, null, PreEncode, 2026-07-15 20:12:59.605075).

Traceback (most recent call last):
  File "C:\Code\MediaVortex\Features\ServiceControl\ActiveJobRepository.py", line 29, in SetJobPhase
    Affected = self.DatabaseService.ExecuteNonQuery(Query, (Phase.value, ActiveJobId))
               ^^^^^^^^^^^^^^^^^^^^^^^^^^^^^^^^^^^^^^^^^^^^^^^^^^^^^^^^^^^^^^^^^^^^^^^
  File "C:\Code\MediaVortex\Core\Database\DatabaseService.py", line 228, in ExecuteNonQuery
    cursor.execute(query, parameters)
psycopg2.errors.CheckViolation: new row for relation "activejobs" violates check constraint "activejobs_phase_enum"
DETAIL:  Failing row contains (72245, TranscodeService, Transcode, 146658, 31976, 71284, 2026-07-15 20:12:59.583329, Running, 2026-07-15 20:12:59.583329, 2026-07-15 20:12:59.605075, I9-2024, null, PreEncode, 2026-07-15 20:12:59.605075).


EXCEPTION: PreEncodeAudioPipeline failed for T:\Criminal Minds\Season 4\Criminal Minds - S04E13 - Bloodline HDTV-480p.26.mp4 (job 146658); Dialog Boost track will be skipped: 'DemucsVocalIsolationService' object has no attribute 'Device'
Traceback (most recent call last):
  File "C:\Code\MediaVortex\Features\AudioNormalization\Services\PreEncodeAudioPipeline.py", line 39, in Run
    self._Report('demucs.isolate', 0.0, f'Isolating vocals ({self.DemucsService.ModelName} on {self.DemucsService.Device})')
                                                                                               ^^^^^^^^^^^^^^^^^^^^^^^^^
AttributeError: 'DemucsVocalIsolationService' object has no attribute 'Device'

WARNING: No English audio stream found among 1 stream(s) (languages: ['und']), using first stream
EXCEPTION: ExecuteNonQuery failed. Query: UPDATE ActiveJobs SET Phase = %s, PhaseTransitionedAt = NOW(), UpdatedAt = NOW() WHERE Id = %s, Parameters: ('PreEncode', 72248), ParamCount: 2: new row for relation "activejobs" violates check constraint "activejobs_phase_enum"
DETAIL:  Failing row contains (72248, TranscodeService, Transcode, 146674, 31976, 13504, 2026-07-15 20:15:13.613591, Running, 2026-07-15 20:15:13.613591, 2026-07-15 20:15:13.639532, I9-2024, null, PreEncode, 2026-07-15 20:15:13.639532).

Traceback (most recent call last):
  File "C:\Code\MediaVortex\Core\Database\DatabaseService.py", line 228, in ExecuteNonQuery
    cursor.execute(query, parameters)
psycopg2.errors.CheckViolation: new row for relation "activejobs" violates check constraint "activejobs_phase_enum"
DETAIL:  Failing row contains (72248, TranscodeService, Transcode, 146674, 31976, 13504, 2026-07-15 20:15:13.613591, Running, 2026-07-15 20:15:13.613591, 2026-07-15 20:15:13.639532, I9-2024, null, PreEncode, 2026-07-15 20:15:13.639532).


EXCEPTION: SetJobPhase(72248, JobPhase.PreEncode) failed: new row for relation "activejobs" violates check constraint "activejobs_phase_enum"
DETAIL:  Failing row contains (72248, TranscodeService, Transcode, 146674, 31976, 13504, 2026-07-15 20:15:13.613591, Running, 2026-07-15 20:15:13.613591, 2026-07-15 20:15:13.639532, I9-2024, null, PreEncode, 2026-07-15 20:15:13.639532).

Traceback (most recent call last):
  File "C:\Code\MediaVortex\Features\ServiceControl\ActiveJobRepository.py", line 29, in SetJobPhase
    Affected = self.DatabaseService.ExecuteNonQuery(Query, (Phase.value, ActiveJobId))
               ^^^^^^^^^^^^^^^^^^^^^^^^^^^^^^^^^^^^^^^^^^^^^^^^^^^^^^^^^^^^^^^^^^^^^^^
  File "C:\Code\MediaVortex\Core\Database\DatabaseService.py", line 228, in ExecuteNonQuery
    cursor.execute(query, parameters)
psycopg2.errors.CheckViolation: new row for relation "activejobs" violates check constraint "activejobs_phase_enum"
DETAIL:  Failing row contains (72248, TranscodeService, Transcode, 146674, 31976, 13504, 2026-07-15 20:15:13.613591, Running, 2026-07-15 20:15:13.613591, 2026-07-15 20:15:13.639532, I9-2024, null, PreEncode, 2026-07-15 20:15:13.639532).


EXCEPTION: PreEncodeAudioPipeline failed for T:\Criminal Minds\Season 4\Criminal Minds - S04E06 - The Instincts HDTV-480p.26.mp4 (job 146674); Dialog Boost track will be skipped: 'DemucsVocalIsolationService' object has no attribute 'Device'
Traceback (most recent call last):
  File "C:\Code\MediaVortex\Features\AudioNormalization\Services\PreEncodeAudioPipeline.py", line 39, in Run
    self._Report('demucs.isolate', 0.0, f'Isolating vocals ({self.DemucsService.ModelName} on {self.DemucsService.Device})')
                                                                                               ^^^^^^^^^^^^^^^^^^^^^^^^^
AttributeError: 'DemucsVocalIsolationService' object has no attribute 'Device'

WARNING: No English audio stream found among 1 stream(s) (languages: ['und']), using first stream
EXCEPTION: ExecuteNonQuery failed. Query: UPDATE ActiveJobs SET Phase = %s, PhaseTransitionedAt = NOW(), UpdatedAt = NOW() WHERE Id = %s, Parameters: ('PreEncode', 72250), ParamCount: 2: new row for relation "activejobs" violates check constraint "activejobs_phase_enum"
DETAIL:  Failing row contains (72250, TranscodeService, Transcode, 146698, 31976, 70492, 2026-07-15 20:17:27.647027, Running, 2026-07-15 20:17:27.647027, 2026-07-15 20:17:27.668719, I9-2024, null, PreEncode, 2026-07-15 20:17:27.668719).

Traceback (most recent call last):
  File "C:\Code\MediaVortex\Core\Database\DatabaseService.py", line 228, in ExecuteNonQuery
    cursor.execute(query, parameters)
psycopg2.errors.CheckViolation: new row for relation "activejobs" violates check constraint "activejobs_phase_enum"
DETAIL:  Failing row contains (72250, TranscodeService, Transcode, 146698, 31976, 70492, 2026-07-15 20:17:27.647027, Running, 2026-07-15 20:17:27.647027, 2026-07-15 20:17:27.668719, I9-2024, null, PreEncode, 2026-07-15 20:17:27.668719).


EXCEPTION: SetJobPhase(72250, JobPhase.PreEncode) failed: new row for relation "activejobs" violates check constraint "activejobs_phase_enum"
DETAIL:  Failing row contains (72250, TranscodeService, Transcode, 146698, 31976, 70492, 2026-07-15 20:17:27.647027, Running, 2026-07-15 20:17:27.647027, 2026-07-15 20:17:27.668719, I9-2024, null, PreEncode, 2026-07-15 20:17:27.668719).

Traceback (most recent call last):
  File "C:\Code\MediaVortex\Features\ServiceControl\ActiveJobRepository.py", line 29, in SetJobPhase
    Affected = self.DatabaseService.ExecuteNonQuery(Query, (Phase.value, ActiveJobId))
               ^^^^^^^^^^^^^^^^^^^^^^^^^^^^^^^^^^^^^^^^^^^^^^^^^^^^^^^^^^^^^^^^^^^^^^^
  File "C:\Code\MediaVortex\Core\Database\DatabaseService.py", line 228, in ExecuteNonQuery
    cursor.execute(query, parameters)
psycopg2.errors.CheckViolation: new row for relation "activejobs" violates check constraint "activejobs_phase_enum"
DETAIL:  Failing row contains (72250, TranscodeService, Transcode, 146698, 31976, 70492, 2026-07-15 20:17:27.647027, Running, 2026-07-15 20:17:27.647027, 2026-07-15 20:17:27.668719, I9-2024, null, PreEncode, 2026-07-15 20:17:27.668719).


EXCEPTION: PreEncodeAudioPipeline failed for T:\Criminal Minds\Season 6\Criminal Minds - S06E13 - The Thirteenth Step HDTV-480p.26.mp4 (job 146698); Dialog Boost track will be skipped: 'DemucsVocalIsolationService' object has no attribute 'Device'
Traceback (most recent call last):
  File "C:\Code\MediaVortex\Features\AudioNormalization\Services\PreEncodeAudioPipeline.py", line 39, in Run
    self._Report('demucs.isolate', 0.0, f'Isolating vocals ({self.DemucsService.ModelName} on {self.DemucsService.Device})')
                                                                                               ^^^^^^^^^^^^^^^^^^^^^^^^^
AttributeError: 'DemucsVocalIsolationService' object has no attribute 'Device'

WARNING: No English audio stream found among 1 stream(s) (languages: ['und']), using first stream
EXCEPTION: ExecuteNonQuery failed. Query: UPDATE ActiveJobs SET Phase = %s, PhaseTransitionedAt = NOW(), UpdatedAt = NOW() WHERE Id = %s, Parameters: ('PreEncode', 72253), ParamCount: 2: new row for relation "activejobs" violates check constraint "activejobs_phase_enum"
DETAIL:  Failing row contains (72253, TranscodeService, Transcode, 146696, 31976, 73244, 2026-07-15 20:19:41.680995, Running, 2026-07-15 20:19:41.680995, 2026-07-15 20:19:41.754318, I9-2024, null, PreEncode, 2026-07-15 20:19:41.754318).

Traceback (most recent call last):
  File "C:\Code\MediaVortex\Core\Database\DatabaseService.py", line 228, in ExecuteNonQuery
    cursor.execute(query, parameters)
psycopg2.errors.CheckViolation: new row for relation "activejobs" violates check constraint "activejobs_phase_enum"
DETAIL:  Failing row contains (72253, TranscodeService, Transcode, 146696, 31976, 73244, 2026-07-15 20:19:41.680995, Running, 2026-07-15 20:19:41.680995, 2026-07-15 20:19:41.754318, I9-2024, null, PreEncode, 2026-07-15 20:19:41.754318).


EXCEPTION: SetJobPhase(72253, JobPhase.PreEncode) failed: new row for relation "activejobs" violates check constraint "activejobs_phase_enum"
DETAIL:  Failing row contains (72253, TranscodeService, Transcode, 146696, 31976, 73244, 2026-07-15 20:19:41.680995, Running, 2026-07-15 20:19:41.680995, 2026-07-15 20:19:41.754318, I9-2024, null, PreEncode, 2026-07-15 20:19:41.754318).

Traceback (most recent call last):
  File "C:\Code\MediaVortex\Features\ServiceControl\ActiveJobRepository.py", line 29, in SetJobPhase
    Affected = self.DatabaseService.ExecuteNonQuery(Query, (Phase.value, ActiveJobId))
               ^^^^^^^^^^^^^^^^^^^^^^^^^^^^^^^^^^^^^^^^^^^^^^^^^^^^^^^^^^^^^^^^^^^^^^^
  File "C:\Code\MediaVortex\Core\Database\DatabaseService.py", line 228, in ExecuteNonQuery
    cursor.execute(query, parameters)
psycopg2.errors.CheckViolation: new row for relation "activejobs" violates check constraint "activejobs_phase_enum"
DETAIL:  Failing row contains (72253, TranscodeService, Transcode, 146696, 31976, 73244, 2026-07-15 20:19:41.680995, Running, 2026-07-15 20:19:41.680995, 2026-07-15 20:19:41.754318, I9-2024, null, PreEncode, 2026-07-15 20:19:41.754318).


EXCEPTION: PreEncodeAudioPipeline failed for T:\Criminal Minds\Season 5\Criminal Minds - S05E09 - 100 HDTV-480p.26.mp4 (job 146696); Dialog Boost track will be skipped: 'DemucsVocalIsolationService' object has no attribute 'Device'
Traceback (most recent call last):
  File "C:\Code\MediaVortex\Features\AudioNormalization\Services\PreEncodeAudioPipeline.py", line 39, in Run
    self._Report('demucs.isolate', 0.0, f'Isolating vocals ({self.DemucsService.ModelName} on {self.DemucsService.Device})')
                                                                                               ^^^^^^^^^^^^^^^^^^^^^^^^^
AttributeError: 'DemucsVocalIsolationService' object has no attribute 'Device'

EXCEPTION: ExecuteNonQuery failed. Query: UPDATE ActiveJobs SET Phase = %s, PhaseTransitionedAt = NOW(), UpdatedAt = NOW() WHERE Id = %s, Parameters: ('PreEncode', 72256), ParamCount: 2: new row for relation "activejobs" violates check constraint "activejobs_phase_enum"
DETAIL:  Failing row contains (72256, TranscodeService, Transcode, 146660, 31976, 64628, 2026-07-15 20:21:57.711634, Running, 2026-07-15 20:21:57.711634, 2026-07-15 20:21:57.730328, I9-2024, null, PreEncode, 2026-07-15 20:21:57.730328).

Traceback (most recent call last):
  File "C:\Code\MediaVortex\Core\Database\DatabaseService.py", line 228, in ExecuteNonQuery
    cursor.execute(query, parameters)
psycopg2.errors.CheckViolation: new row for relation "activejobs" violates check constraint "activejobs_phase_enum"
DETAIL:  Failing row contains (72256, TranscodeService, Transcode, 146660, 31976, 64628, 2026-07-15 20:21:57.711634, Running, 2026-07-15 20:21:57.711634, 2026-07-15 20:21:57.730328, I9-2024, null, PreEncode, 2026-07-15 20:21:57.730328).


EXCEPTION: SetJobPhase(72256, JobPhase.PreEncode) failed: new row for relation "activejobs" violates check constraint "activejobs_phase_enum"
DETAIL:  Failing row contains (72256, TranscodeService, Transcode, 146660, 31976, 64628, 2026-07-15 20:21:57.711634, Running, 2026-07-15 20:21:57.711634, 2026-07-15 20:21:57.730328, I9-2024, null, PreEncode, 2026-07-15 20:21:57.730328).

Traceback (most recent call last):
  File "C:\Code\MediaVortex\Features\ServiceControl\ActiveJobRepository.py", line 29, in SetJobPhase
    Affected = self.DatabaseService.ExecuteNonQuery(Query, (Phase.value, ActiveJobId))
               ^^^^^^^^^^^^^^^^^^^^^^^^^^^^^^^^^^^^^^^^^^^^^^^^^^^^^^^^^^^^^^^^^^^^^^^
  File "C:\Code\MediaVortex\Core\Database\DatabaseService.py", line 228, in ExecuteNonQuery
    cursor.execute(query, parameters)
psycopg2.errors.CheckViolation: new row for relation "activejobs" violates check constraint "activejobs_phase_enum"
DETAIL:  Failing row contains (72256, TranscodeService, Transcode, 146660, 31976, 64628, 2026-07-15 20:21:57.711634, Running, 2026-07-15 20:21:57.711634, 2026-07-15 20:21:57.730328, I9-2024, null, PreEncode, 2026-07-15 20:21:57.730328).


EXCEPTION: PreEncodeAudioPipeline failed for T:\Criminal Minds\Season 5\Criminal Minds - S05E07 - The Performer HDTV-480p.26.mp4 (job 146660); Dialog Boost track will be skipped: 'DemucsVocalIsolationService' object has no attribute 'Device'
Traceback (most recent call last):
  File "C:\Code\MediaVortex\Features\AudioNormalization\Services\PreEncodeAudioPipeline.py", line 39, in Run
    self._Report('demucs.isolate', 0.0, f'Isolating vocals ({self.DemucsService.ModelName} on {self.DemucsService.Device})')
                                                                                               ^^^^^^^^^^^^^^^^^^^^^^^^^
AttributeError: 'DemucsVocalIsolationService' object has no attribute 'Device'

WARNING: No English audio stream found among 1 stream(s) (languages: ['und']), using first stream
EXCEPTION: ExecuteNonQuery failed. Query: UPDATE ActiveJobs SET Phase = %s, PhaseTransitionedAt = NOW(), UpdatedAt = NOW() WHERE Id = %s, Parameters: ('PreEncode', 72258), ParamCount: 2: new row for relation "activejobs" violates check constraint "activejobs_phase_enum"
DETAIL:  Failing row contains (72258, TranscodeService, Transcode, 146705, 31976, 21868, 2026-07-15 20:24:03.744774, Running, 2026-07-15 20:24:03.744774, 2026-07-15 20:24:03.78035, I9-2024, null, PreEncode, 2026-07-15 20:24:03.78035).

Traceback (most recent call last):
  File "C:\Code\MediaVortex\Core\Database\DatabaseService.py", line 228, in ExecuteNonQuery
    cursor.execute(query, parameters)
psycopg2.errors.CheckViolation: new row for relation "activejobs" violates check constraint "activejobs_phase_enum"
DETAIL:  Failing row contains (72258, TranscodeService, Transcode, 146705, 31976, 21868, 2026-07-15 20:24:03.744774, Running, 2026-07-15 20:24:03.744774, 2026-07-15 20:24:03.78035, I9-2024, null, PreEncode, 2026-07-15 20:24:03.78035).


EXCEPTION: SetJobPhase(72258, JobPhase.PreEncode) failed: new row for relation "activejobs" violates check constraint "activejobs_phase_enum"
DETAIL:  Failing row contains (72258, TranscodeService, Transcode, 146705, 31976, 21868, 2026-07-15 20:24:03.744774, Running, 2026-07-15 20:24:03.744774, 2026-07-15 20:24:03.78035, I9-2024, null, PreEncode, 2026-07-15 20:24:03.78035).

Traceback (most recent call last):
  File "C:\Code\MediaVortex\Features\ServiceControl\ActiveJobRepository.py", line 29, in SetJobPhase
    Affected = self.DatabaseService.ExecuteNonQuery(Query, (Phase.value, ActiveJobId))
               ^^^^^^^^^^^^^^^^^^^^^^^^^^^^^^^^^^^^^^^^^^^^^^^^^^^^^^^^^^^^^^^^^^^^^^^
  File "C:\Code\MediaVortex\Core\Database\DatabaseService.py", line 228, in ExecuteNonQuery
    cursor.execute(query, parameters)
psycopg2.errors.CheckViolation: new row for relation "activejobs" violates check constraint "activejobs_phase_enum"
DETAIL:  Failing row contains (72258, TranscodeService, Transcode, 146705, 31976, 21868, 2026-07-15 20:24:03.744774, Running, 2026-07-15 20:24:03.744774, 2026-07-15 20:24:03.78035, I9-2024, null, PreEncode, 2026-07-15 20:24:03.78035).


EXCEPTION: PreEncodeAudioPipeline failed for T:\Criminal Minds\Season 6\Criminal Minds - S06E23 - Big Sea HDTV-480p.26.mp4 (job 146705); Dialog Boost track will be skipped: 'DemucsVocalIsolationService' object has no attribute 'Device'
Traceback (most recent call last):
  File "C:\Code\MediaVortex\Features\AudioNormalization\Services\PreEncodeAudioPipeline.py", line 39, in Run
    self._Report('demucs.isolate', 0.0, f'Isolating vocals ({self.DemucsService.ModelName} on {self.DemucsService.Device})')
                                                                                               ^^^^^^^^^^^^^^^^^^^^^^^^^
AttributeError: 'DemucsVocalIsolationService' object has no attribute 'Device'

WARNING: No English audio stream found among 1 stream(s) (languages: ['und']), using first stream
EXCEPTION: ExecuteNonQuery failed. Query: UPDATE ActiveJobs SET Phase = %s, PhaseTransitionedAt = NOW(), UpdatedAt = NOW() WHERE Id = %s, Parameters: ('PreEncode', 72261), ParamCount: 2: new row for relation "activejobs" violates check constraint "activejobs_phase_enum"
DETAIL:  Failing row contains (72261, TranscodeService, Transcode, 146678, 31976, 12780, 2026-07-15 20:26:15.772658, Running, 2026-07-15 20:26:15.772658, 2026-07-15 20:26:15.807982, I9-2024, null, PreEncode, 2026-07-15 20:26:15.807982).

Traceback (most recent call last):
  File "C:\Code\MediaVortex\Core\Database\DatabaseService.py", line 228, in ExecuteNonQuery
    cursor.execute(query, parameters)
psycopg2.errors.CheckViolation: new row for relation "activejobs" violates check constraint "activejobs_phase_enum"
DETAIL:  Failing row contains (72261, TranscodeService, Transcode, 146678, 31976, 12780, 2026-07-15 20:26:15.772658, Running, 2026-07-15 20:26:15.772658, 2026-07-15 20:26:15.807982, I9-2024, null, PreEncode, 2026-07-15 20:26:15.807982).


EXCEPTION: SetJobPhase(72261, JobPhase.PreEncode) failed: new row for relation "activejobs" violates check constraint "activejobs_phase_enum"
DETAIL:  Failing row contains (72261, TranscodeService, Transcode, 146678, 31976, 12780, 2026-07-15 20:26:15.772658, Running, 2026-07-15 20:26:15.772658, 2026-07-15 20:26:15.807982, I9-2024, null, PreEncode, 2026-07-15 20:26:15.807982).

Traceback (most recent call last):
  File "C:\Code\MediaVortex\Features\ServiceControl\ActiveJobRepository.py", line 29, in SetJobPhase
    Affected = self.DatabaseService.ExecuteNonQuery(Query, (Phase.value, ActiveJobId))
               ^^^^^^^^^^^^^^^^^^^^^^^^^^^^^^^^^^^^^^^^^^^^^^^^^^^^^^^^^^^^^^^^^^^^^^^
  File "C:\Code\MediaVortex\Core\Database\DatabaseService.py", line 228, in ExecuteNonQuery
    cursor.execute(query, parameters)
psycopg2.errors.CheckViolation: new row for relation "activejobs" violates check constraint "activejobs_phase_enum"
DETAIL:  Failing row contains (72261, TranscodeService, Transcode, 146678, 31976, 12780, 2026-07-15 20:26:15.772658, Running, 2026-07-15 20:26:15.772658, 2026-07-15 20:26:15.807982, I9-2024, null, PreEncode, 2026-07-15 20:26:15.807982).


EXCEPTION: PreEncodeAudioPipeline failed for T:\Criminal Minds\Season 6\Criminal Minds - S06E19 - With Friends Like These HDTV-480p.26.mp4 (job 146678); Dialog Boost track will be skipped: 'DemucsVocalIsolationService' object has no attribute 'Device'
Traceback (most recent call last):
  File "C:\Code\MediaVortex\Features\AudioNormalization\Services\PreEncodeAudioPipeline.py", line 39, in Run
    self._Report('demucs.isolate', 0.0, f'Isolating vocals ({self.DemucsService.ModelName} on {self.DemucsService.Device})')
                                                                                               ^^^^^^^^^^^^^^^^^^^^^^^^^
AttributeError: 'DemucsVocalIsolationService' object has no attribute 'Device'

WARNING: No English audio stream found among 1 stream(s) (languages: ['und']), using first stream
EXCEPTION: ExecuteNonQuery failed. Query: UPDATE ActiveJobs SET Phase = %s, PhaseTransitionedAt = NOW(), UpdatedAt = NOW() WHERE Id = %s, Parameters: ('PreEncode', 72264), ParamCount: 2: new row for relation "activejobs" violates check constraint "activejobs_phase_enum"
DETAIL:  Failing row contains (72264, TranscodeService, Transcode, 146687, 31976, 59484, 2026-07-15 20:28:29.812049, Running, 2026-07-15 20:28:29.812049, 2026-07-15 20:28:29.834362, I9-2024, null, PreEncode, 2026-07-15 20:28:29.834362).

Traceback (most recent call last):
  File "C:\Code\MediaVortex\Core\Database\DatabaseService.py", line 228, in ExecuteNonQuery
    cursor.execute(query, parameters)
psycopg2.errors.CheckViolation: new row for relation "activejobs" violates check constraint "activejobs_phase_enum"
DETAIL:  Failing row contains (72264, TranscodeService, Transcode, 146687, 31976, 59484, 2026-07-15 20:28:29.812049, Running, 2026-07-15 20:28:29.812049, 2026-07-15 20:28:29.834362, I9-2024, null, PreEncode, 2026-07-15 20:28:29.834362).


EXCEPTION: SetJobPhase(72264, JobPhase.PreEncode) failed: new row for relation "activejobs" violates check constraint "activejobs_phase_enum"
DETAIL:  Failing row contains (72264, TranscodeService, Transcode, 146687, 31976, 59484, 2026-07-15 20:28:29.812049, Running, 2026-07-15 20:28:29.812049, 2026-07-15 20:28:29.834362, I9-2024, null, PreEncode, 2026-07-15 20:28:29.834362).

Traceback (most recent call last):
  File "C:\Code\MediaVortex\Features\ServiceControl\ActiveJobRepository.py", line 29, in SetJobPhase
    Affected = self.DatabaseService.ExecuteNonQuery(Query, (Phase.value, ActiveJobId))
               ^^^^^^^^^^^^^^^^^^^^^^^^^^^^^^^^^^^^^^^^^^^^^^^^^^^^^^^^^^^^^^^^^^^^^^^
  File "C:\Code\MediaVortex\Core\Database\DatabaseService.py", line 228, in ExecuteNonQuery
    cursor.execute(query, parameters)
psycopg2.errors.CheckViolation: new row for relation "activejobs" violates check constraint "activejobs_phase_enum"
DETAIL:  Failing row contains (72264, TranscodeService, Transcode, 146687, 31976, 59484, 2026-07-15 20:28:29.812049, Running, 2026-07-15 20:28:29.812049, 2026-07-15 20:28:29.834362, I9-2024, null, PreEncode, 2026-07-15 20:28:29.834362).


EXCEPTION: PreEncodeAudioPipeline failed for T:\Criminal Minds\Season 7\Criminal Minds - S07E03 - Dorado Falls HDTV-480p.26.mp4 (job 146687); Dialog Boost track will be skipped: 'DemucsVocalIsolationService' object has no attribute 'Device'
Traceback (most recent call last):
  File "C:\Code\MediaVortex\Features\AudioNormalization\Services\PreEncodeAudioPipeline.py", line 39, in Run
    self._Report('demucs.isolate', 0.0, f'Isolating vocals ({self.DemucsService.ModelName} on {self.DemucsService.Device})')
                                                                                               ^^^^^^^^^^^^^^^^^^^^^^^^^
AttributeError: 'DemucsVocalIsolationService' object has no attribute 'Device'

WARNING: No English audio stream found among 1 stream(s) (languages: ['und']), using first stream
